     1 00000000                                 [FORMAT "WCOFF"]
     2 00000000                                 [INSTRSET "i486p"]
     3 00000000                                 [OPTIMIZE 1]
     4 00000000                                 [OPTION 1]
     5 00000000                                 [BITS 32]
     6 00000000                                 	EXTERN	_putblock8_8
     7 00000000                                 [FILE "desktop.c"]
     8                                          [SECTION .text]
     9 00000000                                 	GLOBAL	_winkey_menu
    10 00000000                                 _winkey_menu:
    11 00000000 55                              	PUSH	EBP
    12 00000001 89 E5                           	MOV	EBP,ESP
    13 00000003 5D                              	POP	EBP
    14 00000004 C3                              	RET
    15                                          [SECTION .data]
    16 00000000                                 _console_icon_chr.0:
    17 00000000 40 40 40 40 40 40 40 40 40 40   	DB	"@@@@@@@@@@@@@@@@@@@@@@@@@@@@@@@@"
       0000000A 40 40 40 40 40 40 40 40 40 40 
       00000014 40 40 40 40 40 40 40 40 40 40 
       0000001E 40 40 
    18 00000020 40 24 24 24 24 24 24 24 24 24   	DB	"@$$$$$$$$$$$$$$$$$$$$$$$$$$$$$$@"
       0000002A 24 24 24 24 24 24 24 24 24 24 
       00000034 24 24 24 24 24 24 24 24 24 24 
       0000003E 24 40 
    19 00000040 40 24 24 24 24 24 24 24 24 24   	DB	"@$$$$$$$$$$$$$$$$$$$$$$$$$$$$$$@"
       0000004A 24 24 24 24 24 24 24 24 24 24 
       00000054 24 24 24 24 24 24 24 24 24 24 
       0000005E 24 40 
    20 00000060 40 24 24 24 24 24 24 24 24 24   	DB	"@$$$$$$$$$$$$$$$$$$$$$$$$$$$$$$@"
       0000006A 24 24 24 24 24 24 24 24 24 24 
       00000074 24 24 24 24 24 24 24 24 24 24 
       0000007E 24 40 
    21 00000080 40 40 40 40 40 40 40 40 40 40   	DB	"@@@@@@@@@@@@@@@@@@@@@@@@@@@@@@@@"
       0000008A 40 40 40 40 40 40 40 40 40 40 
       00000094 40 40 40 40 40 40 40 40 40 40 
       0000009E 40 40 
    22 000000A0 40 2E 2E 30 2E 30 2E 2E 30 30   	DB	"@..0.0..00000..................@"
       000000AA 30 30 30 2E 2E 2E 2E 2E 2E 2E 
       000000B4 2E 2E 2E 2E 2E 2E 2E 2E 2E 2E 
       000000BE 2E 40 
    23 000000C0 40 2E 30 30 30 30 30 2E 30 30   	DB	"@.00000.00000..................@"
       000000CA 30 30 30 2E 2E 2E 2E 2E 2E 2E 
       000000D4 2E 2E 2E 2E 2E 2E 2E 2E 2E 2E 
       000000DE 2E 40 
    24 000000E0 40 2E 2E 30 2E 30 2E 2E 30 30   	DB	"@..0.0..00000..................@"
       000000EA 30 30 30 2E 2E 2E 2E 2E 2E 2E 
       000000F4 2E 2E 2E 2E 2E 2E 2E 2E 2E 2E 
       000000FE 2E 40 
    25 00000100 40 2E 30 30 30 30 30 2E 30 30   	DB	"@.00000.00000..................@"
       0000010A 30 30 30 2E 2E 2E 2E 2E 2E 2E 
       00000114 2E 2E 2E 2E 2E 2E 2E 2E 2E 2E 
       0000011E 2E 40 
    26 00000120 40 2E 2E 30 2E 30 2E 2E 30 30   	DB	"@..0.0..00000..................@"
       0000012A 30 30 30 2E 2E 2E 2E 2E 2E 2E 
       00000134 2E 2E 2E 2E 2E 2E 2E 2E 2E 2E 
       0000013E 2E 40 
    27 00000140 40 2E 2E 2E 2E 2E 2E 2E 2E 2E   	DB	"@..............................@"
       0000014A 2E 2E 2E 2E 2E 2E 2E 2E 2E 2E 
       00000154 2E 2E 2E 2E 2E 2E 2E 2E 2E 2E 
       0000015E 2E 40 
    28 00000160 40 2E 2E 2E 2E 2E 2E 2E 2E 2E   	DB	"@..............................@"
       0000016A 2E 2E 2E 2E 2E 2E 2E 2E 2E 2E 
       00000174 2E 2E 2E 2E 2E 2E 2E 2E 2E 2E 
       0000017E 2E 40 
    29 00000180 40 2E 2E 2E 2E 2E 2E 2E 2E 2E   	DB	"@..............................@"
       0000018A 2E 2E 2E 2E 2E 2E 2E 2E 2E 2E 
       00000194 2E 2E 2E 2E 2E 2E 2E 2E 2E 2E 
       0000019E 2E 40 
    30 000001A0 40 2E 2E 2E 2E 2E 2E 2E 2E 2E   	DB	"@..............................@"
       000001AA 2E 2E 2E 2E 2E 2E 2E 2E 2E 2E 
       000001B4 2E 2E 2E 2E 2E 2E 2E 2E 2E 2E 
       000001BE 2E 40 
    31 000001C0 40 2E 2E 2E 2E 2E 2E 2E 2E 2E   	DB	"@..............................@"
       000001CA 2E 2E 2E 2E 2E 2E 2E 2E 2E 2E 
       000001D4 2E 2E 2E 2E 2E 2E 2E 2E 2E 2E 
       000001DE 2E 40 
    32 000001E0 40 2E 2E 2E 2E 2E 2E 2E 2E 2E   	DB	"@..............................@"
       000001EA 2E 2E 2E 2E 2E 2E 2E 2E 2E 2E 
       000001F4 2E 2E 2E 2E 2E 2E 2E 2E 2E 2E 
       000001FE 2E 40 
    33 00000200 40 2E 2E 2E 2E 2E 2E 2E 2E 2E   	DB	"@..............................@"
       0000020A 2E 2E 2E 2E 2E 2E 2E 2E 2E 2E 
       00000214 2E 2E 2E 2E 2E 2E 2E 2E 2E 2E 
       0000021E 2E 40 
    34 00000220 40 2E 2E 2E 2E 2E 2E 2E 2E 2E   	DB	"@..............................@"
       0000022A 2E 2E 2E 2E 2E 2E 2E 2E 2E 2E 
       00000234 2E 2E 2E 2E 2E 2E 2E 2E 2E 2E 
       0000023E 2E 40 
    35 00000240 40 2E 2E 2E 2E 2E 2E 2E 2E 2E   	DB	"@..............................@"
       0000024A 2E 2E 2E 2E 2E 2E 2E 2E 2E 2E 
       00000254 2E 2E 2E 2E 2E 2E 2E 2E 2E 2E 
       0000025E 2E 40 
    36 00000260 40 2E 2E 2E 2E 2E 2E 2E 2E 2E   	DB	"@..............................@"
       0000026A 2E 2E 2E 2E 2E 2E 2E 2E 2E 2E 
       00000274 2E 2E 2E 2E 2E 2E 2E 2E 2E 2E 
       0000027E 2E 40 
    37 00000280 40 2E 2E 2E 2E 2E 2E 2E 2E 2E   	DB	"@..............................@"
       0000028A 2E 2E 2E 2E 2E 2E 2E 2E 2E 2E 
       00000294 2E 2E 2E 2E 2E 2E 2E 2E 2E 2E 
       0000029E 2E 40 
    38 000002A0 40 2E 2E 2E 2E 2E 2E 2E 2E 2E   	DB	"@..............................@"
       000002AA 2E 2E 2E 2E 2E 2E 2E 2E 2E 2E 
       000002B4 2E 2E 2E 2E 2E 2E 2E 2E 2E 2E 
       000002BE 2E 40 
    39 000002C0 40 2E 2E 2E 2E 2E 2E 2E 2E 2E   	DB	"@..............................@"
       000002CA 2E 2E 2E 2E 2E 2E 2E 2E 2E 2E 
       000002D4 2E 2E 2E 2E 2E 2E 2E 2E 2E 2E 
       000002DE 2E 40 
    40 000002E0 40 2E 2E 2E 2E 2E 2E 2E 2E 2E   	DB	"@..............................@"
       000002EA 2E 2E 2E 2E 2E 2E 2E 2E 2E 2E 
       000002F4 2E 2E 2E 2E 2E 2E 2E 2E 2E 2E 
       000002FE 2E 40 
    41 00000300 40 2E 2E 2E 2E 2E 2E 2E 2E 2E   	DB	"@..............................@"
       0000030A 2E 2E 2E 2E 2E 2E 2E 2E 2E 2E 
       00000314 2E 2E 2E 2E 2E 2E 2E 2E 2E 2E 
       0000031E 2E 40 
    42 00000320 40 2E 2E 2E 2E 2E 2E 2E 2E 2E   	DB	"@..............................@"
       0000032A 2E 2E 2E 2E 2E 2E 2E 2E 2E 2E 
       00000334 2E 2E 2E 2E 2E 2E 2E 2E 2E 2E 
       0000033E 2E 40 
    43 00000340 40 2E 2E 2E 2E 2E 2E 2E 2E 2E   	DB	"@..............................@"
       0000034A 2E 2E 2E 2E 2E 2E 2E 2E 2E 2E 
       00000354 2E 2E 2E 2E 2E 2E 2E 2E 2E 2E 
       0000035E 2E 40 
    44 00000360 40 2E 2E 2E 2E 2E 2E 2E 2E 2E   	DB	"@..............................@"
       0000036A 2E 2E 2E 2E 2E 2E 2E 2E 2E 2E 
       00000374 2E 2E 2E 2E 2E 2E 2E 2E 2E 2E 
       0000037E 2E 40 
    45 00000380 40 2E 2E 2E 2E 2E 2E 2E 2E 2E   	DB	"@..............................@"
       0000038A 2E 2E 2E 2E 2E 2E 2E 2E 2E 2E 
       00000394 2E 2E 2E 2E 2E 2E 2E 2E 2E 2E 
       0000039E 2E 40 
    46 000003A0 40 2E 2E 2E 2E 2E 2E 2E 2E 2E   	DB	"@..............................@"
       000003AA 2E 2E 2E 2E 2E 2E 2E 2E 2E 2E 
       000003B4 2E 2E 2E 2E 2E 2E 2E 2E 2E 2E 
       000003BE 2E 40 
    47 000003C0 40 2E 2E 2E 2E 2E 2E 2E 2E 2E   	DB	"@..............................@"
       000003CA 2E 2E 2E 2E 2E 2E 2E 2E 2E 2E 
       000003D4 2E 2E 2E 2E 2E 2E 2E 2E 2E 2E 
       000003DE 2E 40 
    48 000003E0 40 40 40 40 40 40 40 40 40 40   	DB	"@@@@@@@@@@@@@@@@@@@@@@@@@@@@@@@@"
       000003EA 40 40 40 40 40 40 40 40 40 40 
       000003F4 40 40 40 40 40 40 40 40 40 40 
       000003FE 40 40 
    49                                          [SECTION .text]
    50 00000005                                 	GLOBAL	_init_desktop
    51 00000005                                 _init_desktop:
    52 00000005 55                              	PUSH	EBP
    53 00000006 31 C9                           	XOR	ECX,ECX
    54 00000008 89 E5                           	MOV	EBP,ESP
    55 0000000A 56                              	PUSH	ESI
    56 0000000B 53                              	PUSH	EBX
    57 0000000C 81 EC 00000400                  	SUB	ESP,1024
    58 00000012                                 L18:
    59 00000012 8D 94 29 FFFFFBF8               	LEA	EDX,DWORD [-1032+ECX+EBP*1]
    60 00000019 31 F6                           	XOR	ESI,ESI
    61 0000001B BB 0000001F                     	MOV	EBX,31
    62 00000020                                 L17:
    63 00000020 8A 84 31 [00000000]             	MOV	AL,BYTE [_console_icon_chr.0+ECX+ESI*1]
    64 00000027 3C 40                           	CMP	AL,64
    65 00000029 74 52                           	JE	L23
    66 0000002B                                 L11:
    67 0000002B 3C 24                           	CMP	AL,36
    68 0000002D 74 49                           	JE	L24
    69 0000002F 3C 2E                           	CMP	AL,46
    70 00000031 74 40                           	JE	L25
    71 00000033 3C 30                           	CMP	AL,48
    72 00000035 74 37                           	JE	L26
    73 00000037                                 L9:
    74 00000037 83 C2 20                        	ADD	EDX,32
    75 0000003A 83 C6 20                        	ADD	ESI,32
    76 0000003D 4B                              	DEC	EBX
    77 0000003E 79 E0                           	JNS	L17
    78 00000040 41                              	INC	ECX
    79 00000041 83 F9 1F                        	CMP	ECX,31
    80 00000044 7E CC                           	JLE	L18
    81 00000046 6A 20                           	PUSH	32
    82 00000048 8D 85 FFFFFBF8                  	LEA	EAX,DWORD [-1032+EBP]
    83 0000004E 50                              	PUSH	EAX
    84 0000004F 6A 14                           	PUSH	20
    85 00000051 6A 14                           	PUSH	20
    86 00000053 6A 20                           	PUSH	32
    87 00000055 6A 20                           	PUSH	32
    88 00000057 0F BF 05 00000FF4               	MOVSX	EAX,WORD [4084]
    89 0000005E 50                              	PUSH	EAX
    90 0000005F FF 75 08                        	PUSH	DWORD [8+EBP]
    91 00000062 E8 [00000000]                   	CALL	_putblock8_8
    92 00000067 8D 65 F8                        	LEA	ESP,DWORD [-8+EBP]
    93 0000006A 5B                              	POP	EBX
    94 0000006B 5E                              	POP	ESI
    95 0000006C 5D                              	POP	EBP
    96 0000006D C3                              	RET
    97 0000006E                                 L26:
    98 0000006E C6 02 07                        	MOV	BYTE [EDX],7
    99 00000071 EB C4                           	JMP	L9
   100 00000073                                 L25:
   101 00000073 C6 02 00                        	MOV	BYTE [EDX],0
   102 00000076 EB BF                           	JMP	L9
   103 00000078                                 L24:
   104 00000078 C6 02 08                        	MOV	BYTE [EDX],8
   105 0000007B EB BA                           	JMP	L9
   106 0000007D                                 L23:
   107 0000007D C6 02 0F                        	MOV	BYTE [EDX],15
   108 00000080 EB A9                           	JMP	L11
