     1 00000000                                 [FORMAT "WCOFF"]
     2 00000000                                 [INSTRSET "i486p"]
     3 00000000                                 [OPTIMIZE 1]
     4 00000000                                 [OPTION 1]
     5 00000000                                 [BITS 32]
     6 00000000                                 	EXTERN	_table_rgb.0
     7 00000000                                 	EXTERN	_io_load_eflags
     8 00000000                                 	EXTERN	_io_cli
     9 00000000                                 	EXTERN	_io_out8
    10 00000000                                 	EXTERN	_io_store_eflags
    11 00000000                                 	EXTERN	_task_now
    12 00000000                                 	EXTERN	_hankaku
    13 00000000                                 	EXTERN	_file_search
    14 00000000                                 	EXTERN	_memman_alloc_4k
    15 00000000                                 	EXTERN	_file_loadfile2
    16 00000000                                 	EXTERN	_info_JPEG
    17 00000000                                 	EXTERN	_decode0_JPEG
    18 00000000                                 	EXTERN	_memman_free_4k
    19 00000000                                 [FILE "graphic.c"]
    20                                          [SECTION .data]
    21 00000000                                 _table_rgb.0:
    22 00000000 00                              	DB	0
    23 00000001 00                              	DB	0
    24 00000002 00                              	DB	0
    25 00000003 FF                              	DB	-1
    26 00000004 00                              	DB	0
    27 00000005 00                              	DB	0
    28 00000006 00                              	DB	0
    29 00000007 FF                              	DB	-1
    30 00000008 00                              	DB	0
    31 00000009 FF                              	DB	-1
    32 0000000A FF                              	DB	-1
    33 0000000B 00                              	DB	0
    34 0000000C 00                              	DB	0
    35 0000000D 00                              	DB	0
    36 0000000E FF                              	DB	-1
    37 0000000F FF                              	DB	-1
    38 00000010 00                              	DB	0
    39 00000011 FF                              	DB	-1
    40 00000012 00                              	DB	0
    41 00000013 FF                              	DB	-1
    42 00000014 FF                              	DB	-1
    43 00000015 FF                              	DB	-1
    44 00000016 FF                              	DB	-1
    45 00000017 FF                              	DB	-1
    46 00000018 C6                              	DB	-58
    47 00000019 C6                              	DB	-58
    48 0000001A C6                              	DB	-58
    49 0000001B 84                              	DB	-124
    50 0000001C 00                              	DB	0
    51 0000001D 00                              	DB	0
    52 0000001E 00                              	DB	0
    53 0000001F 84                              	DB	-124
    54 00000020 00                              	DB	0
    55 00000021 84                              	DB	-124
    56 00000022 84                              	DB	-124
    57 00000023 00                              	DB	0
    58 00000024 00                              	DB	0
    59 00000025 00                              	DB	0
    60 00000026 84                              	DB	-124
    61 00000027 84                              	DB	-124
    62 00000028 00                              	DB	0
    63 00000029 84                              	DB	-124
    64 0000002A 00                              	DB	0
    65 0000002B 84                              	DB	-124
    66 0000002C 84                              	DB	-124
    67 0000002D 84                              	DB	-124
    68 0000002E 84                              	DB	-124
    69 0000002F 84                              	DB	-124
    70                                          [SECTION .text]
    71 00000000                                 	GLOBAL	_init_palette
    72 00000000                                 _init_palette:
    73 00000000 55                              	PUSH	EBP
    74 00000001 89 E5                           	MOV	EBP,ESP
    75 00000003 57                              	PUSH	EDI
    76 00000004 56                              	PUSH	ESI
    77 00000005 53                              	PUSH	EBX
    78 00000006 81 EC 000002A4                  	SUB	ESP,676
    79 0000000C 68 [00000000]                   	PUSH	_table_rgb.0
    80 00000011 6A 0F                           	PUSH	15
    81 00000013 6A 00                           	PUSH	0
    82 00000015 E8 000000B4                     	CALL	_set_palette
    83 0000001A 83 C4 0C                        	ADD	ESP,12
    84 0000001D C7 85 FFFFFD60 00000000         	MOV	DWORD [-672+EBP],0
    85 00000027 C7 85 FFFFFD5C 00000000         	MOV	DWORD [-676+EBP],0
    86 00000031 C7 85 FFFFFD58 00000000         	MOV	DWORD [-680+EBP],0
    87 0000003B                                 L16:
    88 0000003B 31 FF                           	XOR	EDI,EDI
    89 0000003D 31 F6                           	XOR	ESI,ESI
    90 0000003F 31 DB                           	XOR	EBX,EBX
    91 00000041                                 L15:
    92 00000041 31 D2                           	XOR	EDX,EDX
    93 00000043 C7 85 FFFFFD50 00000000         	MOV	DWORD [-688+EBP],0
    94 0000004D                                 L14:
    95 0000004D 8B 85 FFFFFD58                  	MOV	EAX,DWORD [-680+EBP]
    96 00000053 8A 8D FFFFFD50                  	MOV	CL,BYTE [-688+EBP]
    97 00000059 01 D8                           	ADD	EAX,EBX
    98 0000005B 01 D0                           	ADD	EAX,EDX
    99 0000005D 42                              	INC	EDX
   100 0000005E 6B C0 03                        	IMUL	EAX,EAX,3
   101 00000061 88 8C 05 FFFFFD64               	MOV	BYTE [-668+EBP+EAX*1],CL
   102 00000068 89 F1                           	MOV	ECX,ESI
   103 0000006A 88 8C 05 FFFFFD65               	MOV	BYTE [-667+EBP+EAX*1],CL
   104 00000071 8A 8D FFFFFD5C                  	MOV	CL,BYTE [-676+EBP]
   105 00000077 88 8C 05 FFFFFD66               	MOV	BYTE [-666+EBP+EAX*1],CL
   106 0000007E 83 85 FFFFFD50 33               	ADD	DWORD [-688+EBP],51
   107 00000085 83 FA 05                        	CMP	EDX,5
   108 00000088 7E C3                           	JLE	L14
   109 0000008A 47                              	INC	EDI
   110 0000008B 83 C6 33                        	ADD	ESI,51
   111 0000008E 83 C3 06                        	ADD	EBX,6
   112 00000091 83 FF 05                        	CMP	EDI,5
   113 00000094 7E AB                           	JLE	L15
   114 00000096 FF 85 FFFFFD60                  	INC	DWORD [-672+EBP]
   115 0000009C 83 85 FFFFFD5C 33               	ADD	DWORD [-676+EBP],51
   116 000000A3 83 85 FFFFFD58 24               	ADD	DWORD [-680+EBP],36
   117 000000AA 83 BD FFFFFD60 05               	CMP	DWORD [-672+EBP],5
   118 000000B1 7E 88                           	JLE	L16
   119 000000B3 8D 85 FFFFFD64                  	LEA	EAX,DWORD [-668+EBP]
   120 000000B9 50                              	PUSH	EAX
   121 000000BA 68 000000E7                     	PUSH	231
   122 000000BF 6A 10                           	PUSH	16
   123 000000C1 E8 00000008                     	CALL	_set_palette
   124 000000C6 8D 65 F4                        	LEA	ESP,DWORD [-12+EBP]
   125 000000C9 5B                              	POP	EBX
   126 000000CA 5E                              	POP	ESI
   127 000000CB 5F                              	POP	EDI
   128 000000CC 5D                              	POP	EBP
   129 000000CD C3                              	RET
   130 000000CE                                 	GLOBAL	_set_palette
   131 000000CE                                 _set_palette:
   132 000000CE 55                              	PUSH	EBP
   133 000000CF 89 E5                           	MOV	EBP,ESP
   134 000000D1 57                              	PUSH	EDI
   135 000000D2 56                              	PUSH	ESI
   136 000000D3 53                              	PUSH	EBX
   137 000000D4 51                              	PUSH	ECX
   138 000000D5 8B 5D 08                        	MOV	EBX,DWORD [8+EBP]
   139 000000D8 8B 7D 0C                        	MOV	EDI,DWORD [12+EBP]
   140 000000DB 8B 75 10                        	MOV	ESI,DWORD [16+EBP]
   141 000000DE E8 [00000000]                   	CALL	_io_load_eflags
   142 000000E3 89 45 F0                        	MOV	DWORD [-16+EBP],EAX
   143 000000E6 E8 [00000000]                   	CALL	_io_cli
   144 000000EB 53                              	PUSH	EBX
   145 000000EC 68 000003C8                     	PUSH	968
   146 000000F1 E8 [00000000]                   	CALL	_io_out8
   147 000000F6 39 FB                           	CMP	EBX,EDI
   148 000000F8 58                              	POP	EAX
   149 000000F9 5A                              	POP	EDX
   150 000000FA 7E 12                           	JLE	L28
   151 000000FC                                 L30:
   152 000000FC 8B 45 F0                        	MOV	EAX,DWORD [-16+EBP]
   153 000000FF 89 45 08                        	MOV	DWORD [8+EBP],EAX
   154 00000102 8D 65 F4                        	LEA	ESP,DWORD [-12+EBP]
   155 00000105 5B                              	POP	EBX
   156 00000106 5E                              	POP	ESI
   157 00000107 5F                              	POP	EDI
   158 00000108 5D                              	POP	EBP
   159 00000109 E9 [00000000]                   	JMP	_io_store_eflags
   160 0000010E                                 L28:
   161 0000010E 8A 06                           	MOV	AL,BYTE [ESI]
   162 00000110 43                              	INC	EBX
   163 00000111 C0 E8 02                        	SHR	AL,2
   164 00000114 0F B6 C0                        	MOVZX	EAX,AL
   165 00000117 50                              	PUSH	EAX
   166 00000118 68 000003C9                     	PUSH	969
   167 0000011D E8 [00000000]                   	CALL	_io_out8
   168 00000122 8A 46 01                        	MOV	AL,BYTE [1+ESI]
   169 00000125 C0 E8 02                        	SHR	AL,2
   170 00000128 0F B6 C0                        	MOVZX	EAX,AL
   171 0000012B 50                              	PUSH	EAX
   172 0000012C 68 000003C9                     	PUSH	969
   173 00000131 E8 [00000000]                   	CALL	_io_out8
   174 00000136 8A 46 02                        	MOV	AL,BYTE [2+ESI]
   175 00000139 C0 E8 02                        	SHR	AL,2
   176 0000013C 83 C6 03                        	ADD	ESI,3
   177 0000013F 0F B6 C0                        	MOVZX	EAX,AL
   178 00000142 50                              	PUSH	EAX
   179 00000143 68 000003C9                     	PUSH	969
   180 00000148 E8 [00000000]                   	CALL	_io_out8
   181 0000014D 83 C4 18                        	ADD	ESP,24
   182 00000150 39 FB                           	CMP	EBX,EDI
   183 00000152 7E BA                           	JLE	L28
   184 00000154 EB A6                           	JMP	L30
   185 00000156                                 	GLOBAL	_boxfill8
   186 00000156                                 _boxfill8:
   187 00000156 55                              	PUSH	EBP
   188 00000157 89 E5                           	MOV	EBP,ESP
   189 00000159 57                              	PUSH	EDI
   190 0000015A 56                              	PUSH	ESI
   191 0000015B 53                              	PUSH	EBX
   192 0000015C 57                              	PUSH	EDI
   193 0000015D 57                              	PUSH	EDI
   194 0000015E 8A 45 10                        	MOV	AL,BYTE [16+EBP]
   195 00000161 8B 4D 18                        	MOV	ECX,DWORD [24+EBP]
   196 00000164 8B 7D 1C                        	MOV	EDI,DWORD [28+EBP]
   197 00000167 88 45 F3                        	MOV	BYTE [-13+EBP],AL
   198 0000016A 3B 4D 20                        	CMP	ECX,DWORD [32+EBP]
   199 0000016D 7F 31                           	JG	L43
   200 0000016F 8B 5D 0C                        	MOV	EBX,DWORD [12+EBP]
   201 00000172 0F AF D9                        	IMUL	EBX,ECX
   202 00000175                                 L41:
   203 00000175 8B 55 14                        	MOV	EDX,DWORD [20+EBP]
   204 00000178 39 FA                           	CMP	EDX,EDI
   205 0000017A 7F 1B                           	JG	L45
   206 0000017C 8B 75 08                        	MOV	ESI,DWORD [8+EBP]
   207 0000017F 01 DE                           	ADD	ESI,EBX
   208 00000181 01 D6                           	ADD	ESI,EDX
   209 00000183 89 75 EC                        	MOV	DWORD [-20+EBP],ESI
   210 00000186                                 L40:
   211 00000186 8B 75 EC                        	MOV	ESI,DWORD [-20+EBP]
   212 00000189 8A 45 F3                        	MOV	AL,BYTE [-13+EBP]
   213 0000018C 42                              	INC	EDX
   214 0000018D 88 06                           	MOV	BYTE [ESI],AL
   215 0000018F 46                              	INC	ESI
   216 00000190 89 75 EC                        	MOV	DWORD [-20+EBP],ESI
   217 00000193 39 FA                           	CMP	EDX,EDI
   218 00000195 7E EF                           	JLE	L40
   219 00000197                                 L45:
   220 00000197 41                              	INC	ECX
   221 00000198 03 5D 0C                        	ADD	EBX,DWORD [12+EBP]
   222 0000019B 3B 4D 20                        	CMP	ECX,DWORD [32+EBP]
   223 0000019E 7E D5                           	JLE	L41
   224 000001A0                                 L43:
   225 000001A0 5B                              	POP	EBX
   226 000001A1 5E                              	POP	ESI
   227 000001A2 5B                              	POP	EBX
   228 000001A3 5E                              	POP	ESI
   229 000001A4 5F                              	POP	EDI
   230 000001A5 5D                              	POP	EBP
   231 000001A6 C3                              	RET
   232 000001A7                                 	GLOBAL	_init_screen8
   233 000001A7                                 _init_screen8:
   234 000001A7 55                              	PUSH	EBP
   235 000001A8 89 E5                           	MOV	EBP,ESP
   236 000001AA 8B 55 0C                        	MOV	EDX,DWORD [12+EBP]
   237 000001AD FF 75 10                        	PUSH	DWORD [16+EBP]
   238 000001B0 8D 42 FF                        	LEA	EAX,DWORD [-1+EDX]
   239 000001B3 50                              	PUSH	EAX
   240 000001B4 6A 00                           	PUSH	0
   241 000001B6 6A 00                           	PUSH	0
   242 000001B8 6A 08                           	PUSH	8
   243 000001BA 52                              	PUSH	EDX
   244 000001BB FF 75 08                        	PUSH	DWORD [8+EBP]
   245 000001BE E8 FFFFFF93                     	CALL	_boxfill8
   246 000001C3 C9                              	LEAVE
   247 000001C4 C3                              	RET
   248 000001C5                                 	GLOBAL	_putfont8
   249 000001C5                                 _putfont8:
   250 000001C5 55                              	PUSH	EBP
   251 000001C6 89 E5                           	MOV	EBP,ESP
   252 000001C8 57                              	PUSH	EDI
   253 000001C9 56                              	PUSH	ESI
   254 000001CA 31 F6                           	XOR	ESI,ESI
   255 000001CC 53                              	PUSH	EBX
   256 000001CD 8B 7D 1C                        	MOV	EDI,DWORD [28+EBP]
   257 000001D0 8A 5D 18                        	MOV	BL,BYTE [24+EBP]
   258 000001D3                                 L60:
   259 000001D3 8B 45 14                        	MOV	EAX,DWORD [20+EBP]
   260 000001D6 8B 55 10                        	MOV	EDX,DWORD [16+EBP]
   261 000001D9 01 F0                           	ADD	EAX,ESI
   262 000001DB 0F AF 45 0C                     	IMUL	EAX,DWORD [12+EBP]
   263 000001DF 03 45 08                        	ADD	EAX,DWORD [8+EBP]
   264 000001E2 8D 0C 02                        	LEA	ECX,DWORD [EDX+EAX*1]
   265 000001E5 8A 14 3E                        	MOV	DL,BYTE [ESI+EDI*1]
   266 000001E8 84 D2                           	TEST	DL,DL
   267 000001EA 79 02                           	JNS	L52
   268 000001EC 88 19                           	MOV	BYTE [ECX],BL
   269 000001EE                                 L52:
   270 000001EE 88 D0                           	MOV	AL,DL
   271 000001F0 83 E0 40                        	AND	EAX,64
   272 000001F3 84 C0                           	TEST	AL,AL
   273 000001F5 74 03                           	JE	L53
   274 000001F7 88 59 01                        	MOV	BYTE [1+ECX],BL
   275 000001FA                                 L53:
   276 000001FA 88 D0                           	MOV	AL,DL
   277 000001FC 83 E0 20                        	AND	EAX,32
   278 000001FF 84 C0                           	TEST	AL,AL
   279 00000201 74 03                           	JE	L54
   280 00000203 88 59 02                        	MOV	BYTE [2+ECX],BL
   281 00000206                                 L54:
   282 00000206 88 D0                           	MOV	AL,DL
   283 00000208 83 E0 10                        	AND	EAX,16
   284 0000020B 84 C0                           	TEST	AL,AL
   285 0000020D 74 03                           	JE	L55
   286 0000020F 88 59 03                        	MOV	BYTE [3+ECX],BL
   287 00000212                                 L55:
   288 00000212 88 D0                           	MOV	AL,DL
   289 00000214 83 E0 08                        	AND	EAX,8
   290 00000217 84 C0                           	TEST	AL,AL
   291 00000219 74 03                           	JE	L56
   292 0000021B 88 59 04                        	MOV	BYTE [4+ECX],BL
   293 0000021E                                 L56:
   294 0000021E 88 D0                           	MOV	AL,DL
   295 00000220 83 E0 04                        	AND	EAX,4
   296 00000223 84 C0                           	TEST	AL,AL
   297 00000225 74 03                           	JE	L57
   298 00000227 88 59 05                        	MOV	BYTE [5+ECX],BL
   299 0000022A                                 L57:
   300 0000022A 88 D0                           	MOV	AL,DL
   301 0000022C 83 E0 02                        	AND	EAX,2
   302 0000022F 84 C0                           	TEST	AL,AL
   303 00000231 74 03                           	JE	L58
   304 00000233 88 59 06                        	MOV	BYTE [6+ECX],BL
   305 00000236                                 L58:
   306 00000236 83 E2 01                        	AND	EDX,1
   307 00000239 84 D2                           	TEST	DL,DL
   308 0000023B 74 03                           	JE	L50
   309 0000023D 88 59 07                        	MOV	BYTE [7+ECX],BL
   310 00000240                                 L50:
   311 00000240 46                              	INC	ESI
   312 00000241 83 FE 0F                        	CMP	ESI,15
   313 00000244 7E 8D                           	JLE	L60
   314 00000246 5B                              	POP	EBX
   315 00000247 5E                              	POP	ESI
   316 00000248 5F                              	POP	EDI
   317 00000249 5D                              	POP	EBP
   318 0000024A C3                              	RET
   319 0000024B                                 	GLOBAL	_putfont32
   320 0000024B                                 _putfont32:
   321 0000024B 55                              	PUSH	EBP
   322 0000024C 89 E5                           	MOV	EBP,ESP
   323 0000024E 57                              	PUSH	EDI
   324 0000024F 56                              	PUSH	ESI
   325 00000250 53                              	PUSH	EBX
   326 00000251 83 EC 10                        	SUB	ESP,16
   327 00000254 8A 45 18                        	MOV	AL,BYTE [24+EBP]
   328 00000257 8B 55 10                        	MOV	EDX,DWORD [16+EBP]
   329 0000025A 88 45 F3                        	MOV	BYTE [-13+EBP],AL
   330 0000025D 8B 45 14                        	MOV	EAX,DWORD [20+EBP]
   331 00000260 0F AF 45 0C                     	IMUL	EAX,DWORD [12+EBP]
   332 00000264 03 45 08                        	ADD	EAX,DWORD [8+EBP]
   333 00000267 C7 45 E8 00000001               	MOV	DWORD [-24+EBP],1
   334 0000026E 8D 3C 02                        	LEA	EDI,DWORD [EDX+EAX*1]
   335 00000271 C7 45 EC 00000000               	MOV	DWORD [-20+EBP],0
   336 00000278                                 L80:
   337 00000278 31 DB                           	XOR	EBX,EBX
   338 0000027A                                 L73:
   339 0000027A 8B 4D 1C                        	MOV	ECX,DWORD [28+EBP]
   340 0000027D 8B 45 EC                        	MOV	EAX,DWORD [-20+EBP]
   341 00000280 0F BE 14 08                     	MOVSX	EDX,BYTE [EAX+ECX*1]
   342 00000284 B8 00000080                     	MOV	EAX,128
   343 00000289 88 D9                           	MOV	CL,BL
   344 0000028B D3 F8                           	SAR	EAX,CL
   345 0000028D 85 C2                           	TEST	EDX,EAX
   346 0000028F 74 16                           	JE	L70
   347 00000291 8B 45 EC                        	MOV	EAX,DWORD [-20+EBP]
   348 00000294 BA 00000002                     	MOV	EDX,2
   349 00000299 89 D1                           	MOV	ECX,EDX
   350 0000029B 99                              	CDQ
   351 0000029C F7 F9                           	IDIV	ECX
   352 0000029E 8A 45 F3                        	MOV	AL,BYTE [-13+EBP]
   353 000002A1 8D 14 D3                        	LEA	EDX,DWORD [EBX+EDX*8]
   354 000002A4 88 04 3A                        	MOV	BYTE [EDX+EDI*1],AL
   355 000002A7                                 L70:
   356 000002A7 43                              	INC	EBX
   357 000002A8 83 FB 07                        	CMP	EBX,7
   358 000002AB 7E CD                           	JLE	L73
   359 000002AD 31 DB                           	XOR	EBX,EBX
   360 000002AF                                 L78:
   361 000002AF 8B 45 EC                        	MOV	EAX,DWORD [-20+EBP]
   362 000002B2 BA 00000002                     	MOV	EDX,2
   363 000002B7 89 D1                           	MOV	ECX,EDX
   364 000002B9 99                              	CDQ
   365 000002BA F7 F9                           	IDIV	ECX
   366 000002BC C1 E2 03                        	SAL	EDX,3
   367 000002BF 8D 0C 13                        	LEA	ECX,DWORD [EBX+EDX*1]
   368 000002C2 29 DA                           	SUB	EDX,EBX
   369 000002C4 43                              	INC	EBX
   370 000002C5 0F BE 34 39                     	MOVSX	ESI,BYTE [ECX+EDI*1]
   371 000002C9 8A 44 3A 07                     	MOV	AL,BYTE [7+EDX+EDI*1]
   372 000002CD 83 FB 03                        	CMP	EBX,3
   373 000002D0 88 04 39                        	MOV	BYTE [ECX+EDI*1],AL
   374 000002D3 89 F0                           	MOV	EAX,ESI
   375 000002D5 88 44 3A 07                     	MOV	BYTE [7+EDX+EDI*1],AL
   376 000002D9 7E D4                           	JLE	L78
   377 000002DB F7 45 EC 00000001               	TEST	DWORD [-20+EBP],1
   378 000002E2 74 16                           	JE	L66
   379 000002E4 8B 45 14                        	MOV	EAX,DWORD [20+EBP]
   380 000002E7 8B 55 10                        	MOV	EDX,DWORD [16+EBP]
   381 000002EA 03 45 E8                        	ADD	EAX,DWORD [-24+EBP]
   382 000002ED FF 45 E8                        	INC	DWORD [-24+EBP]
   383 000002F0 0F AF 45 0C                     	IMUL	EAX,DWORD [12+EBP]
   384 000002F4 03 45 08                        	ADD	EAX,DWORD [8+EBP]
   385 000002F7 8D 3C 02                        	LEA	EDI,DWORD [EDX+EAX*1]
   386 000002FA                                 L66:
   387 000002FA FF 45 EC                        	INC	DWORD [-20+EBP]
   388 000002FD 83 7D EC 0F                     	CMP	DWORD [-20+EBP],15
   389 00000301 0F 8E FFFFFF71                  	JLE	L80
   390 00000307 C7 45 EC 00000000               	MOV	DWORD [-20+EBP],0
   391 0000030E                                 L97:
   392 0000030E 31 DB                           	XOR	EBX,EBX
   393 00000310                                 L90:
   394 00000310 8B 4D 20                        	MOV	ECX,DWORD [32+EBP]
   395 00000313 8B 45 EC                        	MOV	EAX,DWORD [-20+EBP]
   396 00000316 0F BE 14 08                     	MOVSX	EDX,BYTE [EAX+ECX*1]
   397 0000031A B8 00000080                     	MOV	EAX,128
   398 0000031F 88 D9                           	MOV	CL,BL
   399 00000321 D3 F8                           	SAR	EAX,CL
   400 00000323 85 C2                           	TEST	EDX,EAX
   401 00000325 74 16                           	JE	L87
   402 00000327 8B 45 EC                        	MOV	EAX,DWORD [-20+EBP]
   403 0000032A BA 00000002                     	MOV	EDX,2
   404 0000032F 89 D1                           	MOV	ECX,EDX
   405 00000331 99                              	CDQ
   406 00000332 F7 F9                           	IDIV	ECX
   407 00000334 8A 45 F3                        	MOV	AL,BYTE [-13+EBP]
   408 00000337 8D 14 D3                        	LEA	EDX,DWORD [EBX+EDX*8]
   409 0000033A 88 04 3A                        	MOV	BYTE [EDX+EDI*1],AL
   410 0000033D                                 L87:
   411 0000033D 43                              	INC	EBX
   412 0000033E 83 FB 07                        	CMP	EBX,7
   413 00000341 7E CD                           	JLE	L90
   414 00000343 31 DB                           	XOR	EBX,EBX
   415 00000345                                 L95:
   416 00000345 8B 45 EC                        	MOV	EAX,DWORD [-20+EBP]
   417 00000348 BA 00000002                     	MOV	EDX,2
   418 0000034D 89 D1                           	MOV	ECX,EDX
   419 0000034F 99                              	CDQ
   420 00000350 F7 F9                           	IDIV	ECX
   421 00000352 C1 E2 03                        	SAL	EDX,3
   422 00000355 8D 0C 13                        	LEA	ECX,DWORD [EBX+EDX*1]
   423 00000358 29 DA                           	SUB	EDX,EBX
   424 0000035A 43                              	INC	EBX
   425 0000035B 0F BE 34 39                     	MOVSX	ESI,BYTE [ECX+EDI*1]
   426 0000035F 8A 44 3A 07                     	MOV	AL,BYTE [7+EDX+EDI*1]
   427 00000363 83 FB 03                        	CMP	EBX,3
   428 00000366 88 04 39                        	MOV	BYTE [ECX+EDI*1],AL
   429 00000369 89 F0                           	MOV	EAX,ESI
   430 0000036B 88 44 3A 07                     	MOV	BYTE [7+EDX+EDI*1],AL
   431 0000036F 7E D4                           	JLE	L95
   432 00000371 F7 45 EC 00000001               	TEST	DWORD [-20+EBP],1
   433 00000378 74 16                           	JE	L83
   434 0000037A 8B 45 14                        	MOV	EAX,DWORD [20+EBP]
   435 0000037D 8B 55 10                        	MOV	EDX,DWORD [16+EBP]
   436 00000380 03 45 E8                        	ADD	EAX,DWORD [-24+EBP]
   437 00000383 FF 45 E8                        	INC	DWORD [-24+EBP]
   438 00000386 0F AF 45 0C                     	IMUL	EAX,DWORD [12+EBP]
   439 0000038A 03 45 08                        	ADD	EAX,DWORD [8+EBP]
   440 0000038D 8D 3C 02                        	LEA	EDI,DWORD [EDX+EAX*1]
   441 00000390                                 L83:
   442 00000390 FF 45 EC                        	INC	DWORD [-20+EBP]
   443 00000393 83 7D EC 0F                     	CMP	DWORD [-20+EBP],15
   444 00000397 0F 8E FFFFFF71                  	JLE	L97
   445 0000039D 83 C4 10                        	ADD	ESP,16
   446 000003A0 5B                              	POP	EBX
   447 000003A1 5E                              	POP	ESI
   448 000003A2 5F                              	POP	EDI
   449 000003A3 5D                              	POP	EBP
   450 000003A4 C3                              	RET
   451 000003A5                                 	GLOBAL	_putfonts8_asc_lang
   452 000003A5                                 _putfonts8_asc_lang:
   453 000003A5 55                              	PUSH	EBP
   454 000003A6 89 E5                           	MOV	EBP,ESP
   455 000003A8 57                              	PUSH	EDI
   456 000003A9 56                              	PUSH	ESI
   457 000003AA 53                              	PUSH	EBX
   458 000003AB 83 EC 0C                        	SUB	ESP,12
   459 000003AE 8A 45 18                        	MOV	AL,BYTE [24+EBP]
   460 000003B1 8B 7D 1C                        	MOV	EDI,DWORD [28+EBP]
   461 000003B4 88 45 F3                        	MOV	BYTE [-13+EBP],AL
   462 000003B7 E8 [00000000]                   	CALL	_task_now
   463 000003BC 8B 15 00000FE8                  	MOV	EDX,DWORD [4072]
   464 000003C2 89 45 EC                        	MOV	DWORD [-20+EBP],EAX
   465 000003C5 89 55 E8                        	MOV	DWORD [-24+EBP],EDX
   466 000003C8 83 7D 20 00                     	CMP	DWORD [32+EBP],0
   467 000003CC 75 09                           	JNE	L111
   468 000003CE 80 3F 00                        	CMP	BYTE [EDI],0
   469 000003D1 0F 85 0000027E                  	JNE	L116
   470 000003D7                                 L111:
   471 000003D7 83 7D 20 01                     	CMP	DWORD [32+EBP],1
   472 000003DB 0F 84 0000016D                  	JE	L158
   473 000003E1                                 L117:
   474 000003E1 83 7D 20 02                     	CMP	DWORD [32+EBP],2
   475 000003E5 0F 84 000000A8                  	JE	L159
   476 000003EB                                 L134:
   477 000003EB 83 7D 20 03                     	CMP	DWORD [32+EBP],3
   478 000003EF 74 08                           	JE	L160
   479 000003F1                                 L110:
   480 000003F1 8D 65 F4                        	LEA	ESP,DWORD [-12+EBP]
   481 000003F4 5B                              	POP	EBX
   482 000003F5 5E                              	POP	ESI
   483 000003F6 5F                              	POP	EDI
   484 000003F7 5D                              	POP	EBP
   485 000003F8 C3                              	RET
   486 000003F9                                 L160:
   487 000003F9 80 3F 00                        	CMP	BYTE [EDI],0
   488 000003FC 74 F3                           	JE	L110
   489 000003FE                                 L153:
   490 000003FE 8B 4D EC                        	MOV	ECX,DWORD [-20+EBP]
   491 00000401 8A 81 000000BD                  	MOV	AL,BYTE [189+ECX]
   492 00000407 84 C0                           	TEST	AL,AL
   493 00000409 75 42                           	JNE	L149
   494 0000040B 8A 17                           	MOV	DL,BYTE [EDI]
   495 0000040D 8D 42 5F                        	LEA	EAX,DWORD [95+EDX]
   496 00000410 3C 5D                           	CMP	AL,93
   497 00000412 77 12                           	JA	L150
   498 00000414 88 91 000000BD                  	MOV	BYTE [189+ECX],DL
   499 0000041A                                 L152:
   500 0000041A 83 45 10 08                     	ADD	DWORD [16+EBP],8
   501 0000041E 47                              	INC	EDI
   502 0000041F 80 3F 00                        	CMP	BYTE [EDI],0
   503 00000422 75 DA                           	JNE	L153
   504 00000424 EB CB                           	JMP	L110
   505 00000426                                 L150:
   506 00000426 0F B6 C2                        	MOVZX	EAX,DL
   507 00000429 C1 E0 04                        	SAL	EAX,4
   508 0000042C 05 [00000000]                   	ADD	EAX,_hankaku
   509 00000431 50                              	PUSH	EAX
   510 00000432 0F BE 45 F3                     	MOVSX	EAX,BYTE [-13+EBP]
   511 00000436 50                              	PUSH	EAX
   512 00000437 FF 75 14                        	PUSH	DWORD [20+EBP]
   513 0000043A FF 75 10                        	PUSH	DWORD [16+EBP]
   514 0000043D FF 75 0C                        	PUSH	DWORD [12+EBP]
   515 00000440 FF 75 08                        	PUSH	DWORD [8+EBP]
   516 00000443 E8 FFFFFD7D                     	CALL	_putfont8
   517 00000448 83 C4 18                        	ADD	ESP,24
   518 0000044B EB CD                           	JMP	L152
   519 0000044D                                 L149:
   520 0000044D 0F B6 C0                        	MOVZX	EAX,AL
   521 00000450 6B C0 5E                        	IMUL	EAX,EAX,94
   522 00000453 0F B6 17                        	MOVZX	EDX,BYTE [EDI]
   523 00000456 8B 4D EC                        	MOV	ECX,DWORD [-20+EBP]
   524 00000459 8D 84 02 FFFFC441               	LEA	EAX,DWORD [-15295+EDX+EAX*1]
   525 00000460 C6 81 000000BD 00               	MOV	BYTE [189+ECX],0
   526 00000467 C1 E0 05                        	SAL	EAX,5
   527 0000046A 8B 55 E8                        	MOV	EDX,DWORD [-24+EBP]
   528 0000046D 01 C2                           	ADD	EDX,EAX
   529 0000046F 8D 42 10                        	LEA	EAX,DWORD [16+EDX]
   530 00000472 50                              	PUSH	EAX
   531 00000473 52                              	PUSH	EDX
   532 00000474 0F BE 45 F3                     	MOVSX	EAX,BYTE [-13+EBP]
   533 00000478 50                              	PUSH	EAX
   534 00000479 8B 45 10                        	MOV	EAX,DWORD [16+EBP]
   535 0000047C FF 75 14                        	PUSH	DWORD [20+EBP]
   536 0000047F 83 E8 08                        	SUB	EAX,8
   537 00000482 50                              	PUSH	EAX
   538 00000483 FF 75 0C                        	PUSH	DWORD [12+EBP]
   539 00000486 FF 75 08                        	PUSH	DWORD [8+EBP]
   540 00000489 E8 FFFFFDBD                     	CALL	_putfont32
   541 0000048E 83 C4 1C                        	ADD	ESP,28
   542 00000491 EB 87                           	JMP	L152
   543 00000493                                 L159:
   544 00000493 80 3F 00                        	CMP	BYTE [EDI],0
   545 00000496 0F 84 FFFFFF4F                  	JE	L134
   546 0000049C                                 L143:
   547 0000049C 8B 4D EC                        	MOV	ECX,DWORD [-20+EBP]
   548 0000049F 8A 81 000000BD                  	MOV	AL,BYTE [189+ECX]
   549 000004A5 84 C0                           	TEST	AL,AL
   550 000004A7 75 43                           	JNE	L139
   551 000004A9 8A 17                           	MOV	DL,BYTE [EDI]
   552 000004AB 8D 42 7F                        	LEA	EAX,DWORD [127+EDX]
   553 000004AE 3C 7D                           	CMP	AL,125
   554 000004B0 77 15                           	JA	L140
   555 000004B2 88 91 000000BD                  	MOV	BYTE [189+ECX],DL
   556 000004B8                                 L142:
   557 000004B8 83 45 10 08                     	ADD	DWORD [16+EBP],8
   558 000004BC 47                              	INC	EDI
   559 000004BD 80 3F 00                        	CMP	BYTE [EDI],0
   560 000004C0 75 DA                           	JNE	L143
   561 000004C2 E9 FFFFFF24                     	JMP	L134
   562 000004C7                                 L140:
   563 000004C7 0F B6 C2                        	MOVZX	EAX,DL
   564 000004CA C1 E0 04                        	SAL	EAX,4
   565 000004CD 03 45 E8                        	ADD	EAX,DWORD [-24+EBP]
   566 000004D0 50                              	PUSH	EAX
   567 000004D1 0F BE 45 F3                     	MOVSX	EAX,BYTE [-13+EBP]
   568 000004D5 50                              	PUSH	EAX
   569 000004D6 FF 75 14                        	PUSH	DWORD [20+EBP]
   570 000004D9 FF 75 10                        	PUSH	DWORD [16+EBP]
   571 000004DC FF 75 0C                        	PUSH	DWORD [12+EBP]
   572 000004DF FF 75 08                        	PUSH	DWORD [8+EBP]
   573 000004E2 E8 FFFFFCDE                     	CALL	_putfont8
   574 000004E7 83 C4 18                        	ADD	ESP,24
   575 000004EA EB CC                           	JMP	L142
   576 000004EC                                 L139:
   577 000004EC 0F B6 D8                        	MOVZX	EBX,AL
   578 000004EF 6B DB 5E                        	IMUL	EBX,EBX,94
   579 000004F2 0F B6 07                        	MOVZX	EAX,BYTE [EDI]
   580 000004F5 8B 55 EC                        	MOV	EDX,DWORD [-20+EBP]
   581 000004F8 8D 9C 18 FFFFC441               	LEA	EBX,DWORD [-15295+EAX+EBX*1]
   582 000004FF C6 82 000000BD 00               	MOV	BYTE [189+EDX],0
   583 00000506 C1 E3 05                        	SAL	EBX,5
   584 00000509 8B 45 10                        	MOV	EAX,DWORD [16+EBP]
   585 0000050C 03 5D E8                        	ADD	EBX,DWORD [-24+EBP]
   586 0000050F 83 E8 08                        	SUB	EAX,8
   587 00000512 0F BE 75 F3                     	MOVSX	ESI,BYTE [-13+EBP]
   588 00000516 8D 93 00001000                  	LEA	EDX,DWORD [4096+EBX]
   589 0000051C 81 C3 00001010                  	ADD	EBX,4112
   590 00000522 52                              	PUSH	EDX
   591 00000523 56                              	PUSH	ESI
   592 00000524 FF 75 14                        	PUSH	DWORD [20+EBP]
   593 00000527 50                              	PUSH	EAX
   594 00000528 FF 75 0C                        	PUSH	DWORD [12+EBP]
   595 0000052B FF 75 08                        	PUSH	DWORD [8+EBP]
   596 0000052E E8 FFFFFC92                     	CALL	_putfont8
   597 00000533 53                              	PUSH	EBX
   598 00000534 56                              	PUSH	ESI
   599 00000535 FF 75 14                        	PUSH	DWORD [20+EBP]
   600 00000538 FF 75 10                        	PUSH	DWORD [16+EBP]
   601 0000053B FF 75 0C                        	PUSH	DWORD [12+EBP]
   602 0000053E FF 75 08                        	PUSH	DWORD [8+EBP]
   603 00000541 E8 FFFFFC7F                     	CALL	_putfont8
   604 00000546 83 C4 30                        	ADD	ESP,48
   605 00000549 E9 FFFFFF6A                     	JMP	L142
   606 0000054E                                 L158:
   607 0000054E 80 3F 00                        	CMP	BYTE [EDI],0
   608 00000551 0F 84 FFFFFE8A                  	JE	L117
   609 00000557                                 L133:
   610 00000557 8B 4D EC                        	MOV	ECX,DWORD [-20+EBP]
   611 0000055A 8A 91 000000BD                  	MOV	DL,BYTE [189+ECX]
   612 00000560 84 D2                           	TEST	DL,DL
   613 00000562 75 4D                           	JNE	L122
   614 00000564 8A 17                           	MOV	DL,BYTE [EDI]
   615 00000566 8D 42 7F                        	LEA	EAX,DWORD [127+EDX]
   616 00000569 3C 1E                           	CMP	AL,30
   617 0000056B 76 07                           	JBE	L124
   618 0000056D 8D 42 20                        	LEA	EAX,DWORD [32+EDX]
   619 00000570 3C 1C                           	CMP	AL,28
   620 00000572 77 18                           	JA	L123
   621 00000574                                 L124:
   622 00000574 8B 45 EC                        	MOV	EAX,DWORD [-20+EBP]
   623 00000577 88 90 000000BD                  	MOV	BYTE [189+EAX],DL
   624 0000057D                                 L126:
   625 0000057D 83 45 10 08                     	ADD	DWORD [16+EBP],8
   626 00000581 47                              	INC	EDI
   627 00000582 80 3F 00                        	CMP	BYTE [EDI],0
   628 00000585 75 D0                           	JNE	L133
   629 00000587 E9 FFFFFE55                     	JMP	L117
   630 0000058C                                 L123:
   631 0000058C 0F B6 C2                        	MOVZX	EAX,DL
   632 0000058F C1 E0 04                        	SAL	EAX,4
   633 00000592 03 45 E8                        	ADD	EAX,DWORD [-24+EBP]
   634 00000595 50                              	PUSH	EAX
   635 00000596 0F BE 45 F3                     	MOVSX	EAX,BYTE [-13+EBP]
   636 0000059A 50                              	PUSH	EAX
   637 0000059B FF 75 14                        	PUSH	DWORD [20+EBP]
   638 0000059E FF 75 10                        	PUSH	DWORD [16+EBP]
   639 000005A1 FF 75 0C                        	PUSH	DWORD [12+EBP]
   640 000005A4 FF 75 08                        	PUSH	DWORD [8+EBP]
   641 000005A7 E8 FFFFFC19                     	CALL	_putfont8
   642 000005AC 83 C4 18                        	ADD	ESP,24
   643 000005AF EB CC                           	JMP	L126
   644 000005B1                                 L122:
   645 000005B1 8D 42 7F                        	LEA	EAX,DWORD [127+EDX]
   646 000005B4 3C 1E                           	CMP	AL,30
   647 000005B6 0F 87 0000008A                  	JA	L127
   648 000005BC 0F B6 C2                        	MOVZX	EAX,DL
   649 000005BF 8D 8C 00 FFFFFEFE               	LEA	ECX,DWORD [-258+EAX+EAX*1]
   650 000005C6                                 L128:
   651 000005C6 8A 17                           	MOV	DL,BYTE [EDI]
   652 000005C8 8D 42 C0                        	LEA	EAX,DWORD [-64+EDX]
   653 000005CB 3C 3E                           	CMP	AL,62
   654 000005CD 77 5D                           	JA	L129
   655 000005CF 0F B6 C2                        	MOVZX	EAX,DL
   656 000005D2 83 E8 40                        	SUB	EAX,64
   657 000005D5                                 L130:
   658 000005D5 6B D9 5E                        	IMUL	EBX,ECX,94
   659 000005D8 8B 55 EC                        	MOV	EDX,DWORD [-20+EBP]
   660 000005DB 01 C3                           	ADD	EBX,EAX
   661 000005DD C1 E3 05                        	SAL	EBX,5
   662 000005E0 C6 82 000000BD 00               	MOV	BYTE [189+EDX],0
   663 000005E7 03 5D E8                        	ADD	EBX,DWORD [-24+EBP]
   664 000005EA 8B 45 10                        	MOV	EAX,DWORD [16+EBP]
   665 000005ED 0F BE 75 F3                     	MOVSX	ESI,BYTE [-13+EBP]
   666 000005F1 83 E8 08                        	SUB	EAX,8
   667 000005F4 8D 93 00001000                  	LEA	EDX,DWORD [4096+EBX]
   668 000005FA 81 C3 00001010                  	ADD	EBX,4112
   669 00000600 52                              	PUSH	EDX
   670 00000601 56                              	PUSH	ESI
   671 00000602 FF 75 14                        	PUSH	DWORD [20+EBP]
   672 00000605 50                              	PUSH	EAX
   673 00000606 FF 75 0C                        	PUSH	DWORD [12+EBP]
   674 00000609 FF 75 08                        	PUSH	DWORD [8+EBP]
   675 0000060C E8 FFFFFBB4                     	CALL	_putfont8
   676 00000611 53                              	PUSH	EBX
   677 00000612 56                              	PUSH	ESI
   678 00000613 FF 75 14                        	PUSH	DWORD [20+EBP]
   679 00000616 FF 75 10                        	PUSH	DWORD [16+EBP]
   680 00000619 FF 75 0C                        	PUSH	DWORD [12+EBP]
   681 0000061C FF 75 08                        	PUSH	DWORD [8+EBP]
   682 0000061F E8 FFFFFBA1                     	CALL	_putfont8
   683 00000624 83 C4 30                        	ADD	ESP,48
   684 00000627 E9 FFFFFF51                     	JMP	L126
   685 0000062C                                 L129:
   686 0000062C 8D 42 80                        	LEA	EAX,DWORD [-128+EDX]
   687 0000062F 3C 1E                           	CMP	AL,30
   688 00000631 77 08                           	JA	L131
   689 00000633 0F B6 C2                        	MOVZX	EAX,DL
   690 00000636 83 E8 41                        	SUB	EAX,65
   691 00000639 EB 9A                           	JMP	L130
   692 0000063B                                 L131:
   693 0000063B 0F B6 C2                        	MOVZX	EAX,DL
   694 0000063E 2D 0000009F                     	SUB	EAX,159
   695 00000643 41                              	INC	ECX
   696 00000644 EB 8F                           	JMP	L130
   697 00000646                                 L127:
   698 00000646 0F B6 C2                        	MOVZX	EAX,DL
   699 00000649 8D 8C 00 FFFFFE7E               	LEA	ECX,DWORD [-386+EAX+EAX*1]
   700 00000650 E9 FFFFFF71                     	JMP	L128
   701 00000655                                 L116:
   702 00000655 0F B6 07                        	MOVZX	EAX,BYTE [EDI]
   703 00000658 C1 E0 04                        	SAL	EAX,4
   704 0000065B 47                              	INC	EDI
   705 0000065C 05 [00000000]                   	ADD	EAX,_hankaku
   706 00000661 50                              	PUSH	EAX
   707 00000662 0F BE 45 F3                     	MOVSX	EAX,BYTE [-13+EBP]
   708 00000666 50                              	PUSH	EAX
   709 00000667 FF 75 14                        	PUSH	DWORD [20+EBP]
   710 0000066A FF 75 10                        	PUSH	DWORD [16+EBP]
   711 0000066D FF 75 0C                        	PUSH	DWORD [12+EBP]
   712 00000670 FF 75 08                        	PUSH	DWORD [8+EBP]
   713 00000673 E8 FFFFFB4D                     	CALL	_putfont8
   714 00000678 83 C4 18                        	ADD	ESP,24
   715 0000067B 83 45 10 08                     	ADD	DWORD [16+EBP],8
   716 0000067F 80 3F 00                        	CMP	BYTE [EDI],0
   717 00000682 75 D1                           	JNE	L116
   718 00000684 E9 FFFFFD4E                     	JMP	L111
   719 00000689                                 	GLOBAL	_putfonts8_asc
   720 00000689                                 _putfonts8_asc:
   721 00000689 55                              	PUSH	EBP
   722 0000068A 89 E5                           	MOV	EBP,ESP
   723 0000068C 57                              	PUSH	EDI
   724 0000068D 56                              	PUSH	ESI
   725 0000068E 53                              	PUSH	EBX
   726 0000068F 83 EC 0C                        	SUB	ESP,12
   727 00000692 8A 45 18                        	MOV	AL,BYTE [24+EBP]
   728 00000695 8B 7D 1C                        	MOV	EDI,DWORD [28+EBP]
   729 00000698 88 45 F3                        	MOV	BYTE [-13+EBP],AL
   730 0000069B E8 [00000000]                   	CALL	_task_now
   731 000006A0 8B 15 00000FE8                  	MOV	EDX,DWORD [4072]
   732 000006A6 89 45 EC                        	MOV	DWORD [-20+EBP],EAX
   733 000006A9 89 55 E8                        	MOV	DWORD [-24+EBP],EDX
   734 000006AC 80 B8 000000BC 00               	CMP	BYTE [188+EAX],0
   735 000006B3 75 09                           	JNE	L162
   736 000006B5 80 3F 00                        	CMP	BYTE [EDI],0
   737 000006B8 0F 85 00000296                  	JNE	L167
   738 000006BE                                 L162:
   739 000006BE 8B 4D EC                        	MOV	ECX,DWORD [-20+EBP]
   740 000006C1 80 B9 000000BC 01               	CMP	BYTE [188+ECX],1
   741 000006C8 0F 84 0000017F                  	JE	L209
   742 000006CE                                 L168:
   743 000006CE 8B 4D EC                        	MOV	ECX,DWORD [-20+EBP]
   744 000006D1 80 B9 000000BC 02               	CMP	BYTE [188+ECX],2
   745 000006D8 0F 84 000000B1                  	JE	L210
   746 000006DE                                 L185:
   747 000006DE 8B 4D EC                        	MOV	ECX,DWORD [-20+EBP]
   748 000006E1 80 B9 000000BC 03               	CMP	BYTE [188+ECX],3
   749 000006E8 74 08                           	JE	L211
   750 000006EA                                 L161:
   751 000006EA 8D 65 F4                        	LEA	ESP,DWORD [-12+EBP]
   752 000006ED 5B                              	POP	EBX
   753 000006EE 5E                              	POP	ESI
   754 000006EF 5F                              	POP	EDI
   755 000006F0 5D                              	POP	EBP
   756 000006F1 C3                              	RET
   757 000006F2                                 L211:
   758 000006F2 80 3F 00                        	CMP	BYTE [EDI],0
   759 000006F5 74 F3                           	JE	L161
   760 000006F7                                 L204:
   761 000006F7 8B 55 EC                        	MOV	EDX,DWORD [-20+EBP]
   762 000006FA 8A 82 000000BD                  	MOV	AL,BYTE [189+EDX]
   763 00000700 84 C0                           	TEST	AL,AL
   764 00000702 75 45                           	JNE	L200
   765 00000704 8A 17                           	MOV	DL,BYTE [EDI]
   766 00000706 8D 42 5F                        	LEA	EAX,DWORD [95+EDX]
   767 00000709 3C 5D                           	CMP	AL,93
   768 0000070B 77 15                           	JA	L201
   769 0000070D 8B 4D EC                        	MOV	ECX,DWORD [-20+EBP]
   770 00000710 88 91 000000BD                  	MOV	BYTE [189+ECX],DL
   771 00000716                                 L203:
   772 00000716 83 45 10 08                     	ADD	DWORD [16+EBP],8
   773 0000071A 47                              	INC	EDI
   774 0000071B 80 3F 00                        	CMP	BYTE [EDI],0
   775 0000071E 75 D7                           	JNE	L204
   776 00000720 EB C8                           	JMP	L161
   777 00000722                                 L201:
   778 00000722 0F B6 C2                        	MOVZX	EAX,DL
   779 00000725 C1 E0 04                        	SAL	EAX,4
   780 00000728 05 [00000000]                   	ADD	EAX,_hankaku
   781 0000072D 50                              	PUSH	EAX
   782 0000072E 0F BE 45 F3                     	MOVSX	EAX,BYTE [-13+EBP]
   783 00000732 50                              	PUSH	EAX
   784 00000733 FF 75 14                        	PUSH	DWORD [20+EBP]
   785 00000736 FF 75 10                        	PUSH	DWORD [16+EBP]
   786 00000739 FF 75 0C                        	PUSH	DWORD [12+EBP]
   787 0000073C FF 75 08                        	PUSH	DWORD [8+EBP]
   788 0000073F E8 FFFFFA81                     	CALL	_putfont8
   789 00000744 83 C4 18                        	ADD	ESP,24
   790 00000747 EB CD                           	JMP	L203
   791 00000749                                 L200:
   792 00000749 0F B6 C0                        	MOVZX	EAX,AL
   793 0000074C 6B C0 5E                        	IMUL	EAX,EAX,94
   794 0000074F 0F B6 17                        	MOVZX	EDX,BYTE [EDI]
   795 00000752 8B 4D EC                        	MOV	ECX,DWORD [-20+EBP]
   796 00000755 8D 84 02 FFFFC441               	LEA	EAX,DWORD [-15295+EDX+EAX*1]
   797 0000075C C6 81 000000BD 00               	MOV	BYTE [189+ECX],0
   798 00000763 C1 E0 05                        	SAL	EAX,5
   799 00000766 8B 55 E8                        	MOV	EDX,DWORD [-24+EBP]
   800 00000769 01 C2                           	ADD	EDX,EAX
   801 0000076B 8D 42 10                        	LEA	EAX,DWORD [16+EDX]
   802 0000076E 50                              	PUSH	EAX
   803 0000076F 52                              	PUSH	EDX
   804 00000770 0F BE 45 F3                     	MOVSX	EAX,BYTE [-13+EBP]
   805 00000774 50                              	PUSH	EAX
   806 00000775 8B 45 10                        	MOV	EAX,DWORD [16+EBP]
   807 00000778 FF 75 14                        	PUSH	DWORD [20+EBP]
   808 0000077B 83 E8 08                        	SUB	EAX,8
   809 0000077E 50                              	PUSH	EAX
   810 0000077F FF 75 0C                        	PUSH	DWORD [12+EBP]
   811 00000782 FF 75 08                        	PUSH	DWORD [8+EBP]
   812 00000785 E8 FFFFFAC1                     	CALL	_putfont32
   813 0000078A 83 C4 1C                        	ADD	ESP,28
   814 0000078D EB 87                           	JMP	L203
   815 0000078F                                 L210:
   816 0000078F 80 3F 00                        	CMP	BYTE [EDI],0
   817 00000792 0F 84 FFFFFF46                  	JE	L185
   818 00000798                                 L194:
   819 00000798 8B 55 EC                        	MOV	EDX,DWORD [-20+EBP]
   820 0000079B 8A 82 000000BD                  	MOV	AL,BYTE [189+EDX]
   821 000007A1 84 C0                           	TEST	AL,AL
   822 000007A3 75 46                           	JNE	L190
   823 000007A5 8A 17                           	MOV	DL,BYTE [EDI]
   824 000007A7 8D 42 7F                        	LEA	EAX,DWORD [127+EDX]
   825 000007AA 3C 7D                           	CMP	AL,125
   826 000007AC 77 18                           	JA	L191
   827 000007AE 8B 4D EC                        	MOV	ECX,DWORD [-20+EBP]
   828 000007B1 88 91 000000BD                  	MOV	BYTE [189+ECX],DL
   829 000007B7                                 L193:
   830 000007B7 83 45 10 08                     	ADD	DWORD [16+EBP],8
   831 000007BB 47                              	INC	EDI
   832 000007BC 80 3F 00                        	CMP	BYTE [EDI],0
   833 000007BF 75 D7                           	JNE	L194
   834 000007C1 E9 FFFFFF18                     	JMP	L185
   835 000007C6                                 L191:
   836 000007C6 0F B6 C2                        	MOVZX	EAX,DL
   837 000007C9 C1 E0 04                        	SAL	EAX,4
   838 000007CC 03 45 E8                        	ADD	EAX,DWORD [-24+EBP]
   839 000007CF 50                              	PUSH	EAX
   840 000007D0 0F BE 45 F3                     	MOVSX	EAX,BYTE [-13+EBP]
   841 000007D4 50                              	PUSH	EAX
   842 000007D5 FF 75 14                        	PUSH	DWORD [20+EBP]
   843 000007D8 FF 75 10                        	PUSH	DWORD [16+EBP]
   844 000007DB FF 75 0C                        	PUSH	DWORD [12+EBP]
   845 000007DE FF 75 08                        	PUSH	DWORD [8+EBP]
   846 000007E1 E8 FFFFF9DF                     	CALL	_putfont8
   847 000007E6 83 C4 18                        	ADD	ESP,24
   848 000007E9 EB CC                           	JMP	L193
   849 000007EB                                 L190:
   850 000007EB 0F B6 D8                        	MOVZX	EBX,AL
   851 000007EE 6B DB 5E                        	IMUL	EBX,EBX,94
   852 000007F1 0F B6 07                        	MOVZX	EAX,BYTE [EDI]
   853 000007F4 8B 55 EC                        	MOV	EDX,DWORD [-20+EBP]
   854 000007F7 8D 9C 18 FFFFC441               	LEA	EBX,DWORD [-15295+EAX+EBX*1]
   855 000007FE C6 82 000000BD 00               	MOV	BYTE [189+EDX],0
   856 00000805 C1 E3 05                        	SAL	EBX,5
   857 00000808 8B 45 10                        	MOV	EAX,DWORD [16+EBP]
   858 0000080B 03 5D E8                        	ADD	EBX,DWORD [-24+EBP]
   859 0000080E 83 E8 08                        	SUB	EAX,8
   860 00000811 0F BE 75 F3                     	MOVSX	ESI,BYTE [-13+EBP]
   861 00000815 8D 93 00001000                  	LEA	EDX,DWORD [4096+EBX]
   862 0000081B 81 C3 00001010                  	ADD	EBX,4112
   863 00000821 52                              	PUSH	EDX
   864 00000822 56                              	PUSH	ESI
   865 00000823 FF 75 14                        	PUSH	DWORD [20+EBP]
   866 00000826 50                              	PUSH	EAX
   867 00000827 FF 75 0C                        	PUSH	DWORD [12+EBP]
   868 0000082A FF 75 08                        	PUSH	DWORD [8+EBP]
   869 0000082D E8 FFFFF993                     	CALL	_putfont8
   870 00000832 53                              	PUSH	EBX
   871 00000833 56                              	PUSH	ESI
   872 00000834 FF 75 14                        	PUSH	DWORD [20+EBP]
   873 00000837 FF 75 10                        	PUSH	DWORD [16+EBP]
   874 0000083A FF 75 0C                        	PUSH	DWORD [12+EBP]
   875 0000083D FF 75 08                        	PUSH	DWORD [8+EBP]
   876 00000840 E8 FFFFF980                     	CALL	_putfont8
   877 00000845 83 C4 30                        	ADD	ESP,48
   878 00000848 E9 FFFFFF6A                     	JMP	L193
   879 0000084D                                 L209:
   880 0000084D 80 3F 00                        	CMP	BYTE [EDI],0
   881 00000850 0F 84 FFFFFE78                  	JE	L168
   882 00000856                                 L184:
   883 00000856 8B 45 EC                        	MOV	EAX,DWORD [-20+EBP]
   884 00000859 8A 90 000000BD                  	MOV	DL,BYTE [189+EAX]
   885 0000085F 84 D2                           	TEST	DL,DL
   886 00000861 75 4D                           	JNE	L173
   887 00000863 8A 17                           	MOV	DL,BYTE [EDI]
   888 00000865 8D 42 7F                        	LEA	EAX,DWORD [127+EDX]
   889 00000868 3C 1E                           	CMP	AL,30
   890 0000086A 76 07                           	JBE	L175
   891 0000086C 8D 42 20                        	LEA	EAX,DWORD [32+EDX]
   892 0000086F 3C 1C                           	CMP	AL,28
   893 00000871 77 18                           	JA	L174
   894 00000873                                 L175:
   895 00000873 8B 4D EC                        	MOV	ECX,DWORD [-20+EBP]
   896 00000876 88 91 000000BD                  	MOV	BYTE [189+ECX],DL
   897 0000087C                                 L177:
   898 0000087C 83 45 10 08                     	ADD	DWORD [16+EBP],8
   899 00000880 47                              	INC	EDI
   900 00000881 80 3F 00                        	CMP	BYTE [EDI],0
   901 00000884 75 D0                           	JNE	L184
   902 00000886 E9 FFFFFE43                     	JMP	L168
   903 0000088B                                 L174:
   904 0000088B 0F B6 C2                        	MOVZX	EAX,DL
   905 0000088E C1 E0 04                        	SAL	EAX,4
   906 00000891 03 45 E8                        	ADD	EAX,DWORD [-24+EBP]
   907 00000894 50                              	PUSH	EAX
   908 00000895 0F BE 45 F3                     	MOVSX	EAX,BYTE [-13+EBP]
   909 00000899 50                              	PUSH	EAX
   910 0000089A FF 75 14                        	PUSH	DWORD [20+EBP]
   911 0000089D FF 75 10                        	PUSH	DWORD [16+EBP]
   912 000008A0 FF 75 0C                        	PUSH	DWORD [12+EBP]
   913 000008A3 FF 75 08                        	PUSH	DWORD [8+EBP]
   914 000008A6 E8 FFFFF91A                     	CALL	_putfont8
   915 000008AB 83 C4 18                        	ADD	ESP,24
   916 000008AE EB CC                           	JMP	L177
   917 000008B0                                 L173:
   918 000008B0 8D 42 7F                        	LEA	EAX,DWORD [127+EDX]
   919 000008B3 3C 1E                           	CMP	AL,30
   920 000008B5 0F 87 0000008A                  	JA	L178
   921 000008BB 0F B6 C2                        	MOVZX	EAX,DL
   922 000008BE 8D 8C 00 FFFFFEFE               	LEA	ECX,DWORD [-258+EAX+EAX*1]
   923 000008C5                                 L179:
   924 000008C5 8A 17                           	MOV	DL,BYTE [EDI]
   925 000008C7 8D 42 C0                        	LEA	EAX,DWORD [-64+EDX]
   926 000008CA 3C 3E                           	CMP	AL,62
   927 000008CC 77 5D                           	JA	L180
   928 000008CE 0F B6 C2                        	MOVZX	EAX,DL
   929 000008D1 83 E8 40                        	SUB	EAX,64
   930 000008D4                                 L181:
   931 000008D4 6B D9 5E                        	IMUL	EBX,ECX,94
   932 000008D7 8B 55 EC                        	MOV	EDX,DWORD [-20+EBP]
   933 000008DA 01 C3                           	ADD	EBX,EAX
   934 000008DC C1 E3 05                        	SAL	EBX,5
   935 000008DF C6 82 000000BD 00               	MOV	BYTE [189+EDX],0
   936 000008E6 03 5D E8                        	ADD	EBX,DWORD [-24+EBP]
   937 000008E9 8B 45 10                        	MOV	EAX,DWORD [16+EBP]
   938 000008EC 0F BE 75 F3                     	MOVSX	ESI,BYTE [-13+EBP]
   939 000008F0 83 E8 08                        	SUB	EAX,8
   940 000008F3 8D 93 00001000                  	LEA	EDX,DWORD [4096+EBX]
   941 000008F9 81 C3 00001010                  	ADD	EBX,4112
   942 000008FF 52                              	PUSH	EDX
   943 00000900 56                              	PUSH	ESI
   944 00000901 FF 75 14                        	PUSH	DWORD [20+EBP]
   945 00000904 50                              	PUSH	EAX
   946 00000905 FF 75 0C                        	PUSH	DWORD [12+EBP]
   947 00000908 FF 75 08                        	PUSH	DWORD [8+EBP]
   948 0000090B E8 FFFFF8B5                     	CALL	_putfont8
   949 00000910 53                              	PUSH	EBX
   950 00000911 56                              	PUSH	ESI
   951 00000912 FF 75 14                        	PUSH	DWORD [20+EBP]
   952 00000915 FF 75 10                        	PUSH	DWORD [16+EBP]
   953 00000918 FF 75 0C                        	PUSH	DWORD [12+EBP]
   954 0000091B FF 75 08                        	PUSH	DWORD [8+EBP]
   955 0000091E E8 FFFFF8A2                     	CALL	_putfont8
   956 00000923 83 C4 30                        	ADD	ESP,48
   957 00000926 E9 FFFFFF51                     	JMP	L177
   958 0000092B                                 L180:
   959 0000092B 8D 42 80                        	LEA	EAX,DWORD [-128+EDX]
   960 0000092E 3C 1E                           	CMP	AL,30
   961 00000930 77 08                           	JA	L182
   962 00000932 0F B6 C2                        	MOVZX	EAX,DL
   963 00000935 83 E8 41                        	SUB	EAX,65
   964 00000938 EB 9A                           	JMP	L181
   965 0000093A                                 L182:
   966 0000093A 0F B6 C2                        	MOVZX	EAX,DL
   967 0000093D 2D 0000009F                     	SUB	EAX,159
   968 00000942 41                              	INC	ECX
   969 00000943 EB 8F                           	JMP	L181
   970 00000945                                 L178:
   971 00000945 0F B6 C2                        	MOVZX	EAX,DL
   972 00000948 8D 8C 00 FFFFFE7E               	LEA	ECX,DWORD [-386+EAX+EAX*1]
   973 0000094F E9 FFFFFF71                     	JMP	L179
   974 00000954                                 L167:
   975 00000954 0F B6 07                        	MOVZX	EAX,BYTE [EDI]
   976 00000957 C1 E0 04                        	SAL	EAX,4
   977 0000095A 47                              	INC	EDI
   978 0000095B 05 [00000000]                   	ADD	EAX,_hankaku
   979 00000960 50                              	PUSH	EAX
   980 00000961 0F BE 45 F3                     	MOVSX	EAX,BYTE [-13+EBP]
   981 00000965 50                              	PUSH	EAX
   982 00000966 FF 75 14                        	PUSH	DWORD [20+EBP]
   983 00000969 FF 75 10                        	PUSH	DWORD [16+EBP]
   984 0000096C FF 75 0C                        	PUSH	DWORD [12+EBP]
   985 0000096F FF 75 08                        	PUSH	DWORD [8+EBP]
   986 00000972 E8 FFFFF84E                     	CALL	_putfont8
   987 00000977 83 C4 18                        	ADD	ESP,24
   988 0000097A 83 45 10 08                     	ADD	DWORD [16+EBP],8
   989 0000097E 80 3F 00                        	CMP	BYTE [EDI],0
   990 00000981 75 D1                           	JNE	L167
   991 00000983 E9 FFFFFD36                     	JMP	L162
   992                                          [SECTION .data]
   993 00000030                                 _cursor.1:
   994 00000030 4F 4F 2E 2E 2E 2E 2E 2E 2E 2E   	DB	"OO.............."
       0000003A 2E 2E 2E 2E 2E 2E 
   995 00000040 4F 2A 4F 2E 2E 2E 2E 2E 2E 2E   	DB	"O*O............."
       0000004A 2E 2E 2E 2E 2E 2E 
   996 00000050 4F 2A 2A 4F 2E 2E 2E 2E 2E 2E   	DB	"O**O............"
       0000005A 2E 2E 2E 2E 2E 2E 
   997 00000060 4F 2A 2A 2A 4F 2E 2E 2E 2E 2E   	DB	"O***O..........."
       0000006A 2E 2E 2E 2E 2E 2E 
   998 00000070 4F 2A 2A 2A 2A 4F 2E 2E 2E 2E   	DB	"O****O.........."
       0000007A 2E 2E 2E 2E 2E 2E 
   999 00000080 4F 2A 2A 2A 2A 2A 4F 2E 2E 2E   	DB	"O*****O........."
       0000008A 2E 2E 2E 2E 2E 2E 
  1000 00000090 4F 2A 2A 2A 2A 2A 2A 4F 2E 2E   	DB	"O******O........"
       0000009A 2E 2E 2E 2E 2E 2E 
  1001 000000A0 4F 2A 2A 2A 2A 2A 2A 2A 4F 2E   	DB	"O*******O......."
       000000AA 2E 2E 2E 2E 2E 2E 
  1002 000000B0 4F 2A 2A 2A 2A 2A 2A 2A 2A 4F   	DB	"O********O......"
       000000BA 2E 2E 2E 2E 2E 2E 
  1003 000000C0 4F 2A 2A 2A 2A 2A 4F 4F 4F 4F   	DB	"O*****OOOOO....."
       000000CA 4F 2E 2E 2E 2E 2E 
  1004 000000D0 4F 2A 2A 4F 2A 2A 4F 2E 2E 2E   	DB	"O**O**O........."
       000000DA 2E 2E 2E 2E 2E 2E 
  1005 000000E0 4F 2A 4F 2E 4F 2A 2A 4F 2E 2E   	DB	"O*O.O**O........"
       000000EA 2E 2E 2E 2E 2E 2E 
  1006 000000F0 4F 4F 2E 2E 4F 2A 2A 4F 2E 2E   	DB	"OO..O**O........"
       000000FA 2E 2E 2E 2E 2E 2E 
  1007 00000100 4F 2E 2E 2E 2E 4F 2A 2A 4F 2E   	DB	"O....O**O......."
       0000010A 2E 2E 2E 2E 2E 2E 
  1008 00000110 2E 2E 2E 2E 2E 4F 2A 2A 4F 2E   	DB	".....O**O......."
       0000011A 2E 2E 2E 2E 2E 2E 
  1009 00000120 2E 2E 2E 2E 2E 2E 4F 4F 2E 2E   	DB	"......OO........"
       0000012A 2E 2E 2E 2E 2E 2E 
  1010                                          [SECTION .text]
  1011 00000988                                 	GLOBAL	_init_mouse_cursor8
  1012 00000988                                 _init_mouse_cursor8:
  1013 00000988 55                              	PUSH	EBP
  1014 00000989 89 E5                           	MOV	EBP,ESP
  1015 0000098B 57                              	PUSH	EDI
  1016 0000098C 56                              	PUSH	ESI
  1017 0000098D 31 FF                           	XOR	EDI,EDI
  1018 0000098F 53                              	PUSH	EBX
  1019 00000990 31 DB                           	XOR	EBX,EBX
  1020 00000992 50                              	PUSH	EAX
  1021 00000993 8A 45 0C                        	MOV	AL,BYTE [12+EBP]
  1022 00000996 8B 75 08                        	MOV	ESI,DWORD [8+EBP]
  1023 00000999 88 45 F3                        	MOV	BYTE [-13+EBP],AL
  1024 0000099C                                 L225:
  1025 0000099C 31 D2                           	XOR	EDX,EDX
  1026 0000099E                                 L224:
  1027 0000099E 8D 04 3A                        	LEA	EAX,DWORD [EDX+EDI*1]
  1028 000009A1 80 B8 [00000030] 2A             	CMP	BYTE [_cursor.1+EAX],42
  1029 000009A8 74 35                           	JE	L230
  1030 000009AA                                 L221:
  1031 000009AA 80 B8 [00000030] 4F             	CMP	BYTE [_cursor.1+EAX],79
  1032 000009B1 74 26                           	JE	L231
  1033 000009B3                                 L222:
  1034 000009B3 80 B8 [00000030] 2E             	CMP	BYTE [_cursor.1+EAX],46
  1035 000009BA 74 15                           	JE	L232
  1036 000009BC                                 L219:
  1037 000009BC 42                              	INC	EDX
  1038 000009BD 83 FA 0F                        	CMP	EDX,15
  1039 000009C0 7E DC                           	JLE	L224
  1040 000009C2 43                              	INC	EBX
  1041 000009C3 83 C7 10                        	ADD	EDI,16
  1042 000009C6 83 FB 0F                        	CMP	EBX,15
  1043 000009C9 7E D1                           	JLE	L225
  1044 000009CB 58                              	POP	EAX
  1045 000009CC 5B                              	POP	EBX
  1046 000009CD 5E                              	POP	ESI
  1047 000009CE 5F                              	POP	EDI
  1048 000009CF 5D                              	POP	EBP
  1049 000009D0 C3                              	RET
  1050 000009D1                                 L232:
  1051 000009D1 8A 4D F3                        	MOV	CL,BYTE [-13+EBP]
  1052 000009D4 88 0C 30                        	MOV	BYTE [EAX+ESI*1],CL
  1053 000009D7 EB E3                           	JMP	L219
  1054 000009D9                                 L231:
  1055 000009D9 C6 04 30 07                     	MOV	BYTE [EAX+ESI*1],7
  1056 000009DD EB D4                           	JMP	L222
  1057 000009DF                                 L230:
  1058 000009DF C6 04 30 00                     	MOV	BYTE [EAX+ESI*1],0
  1059 000009E3 EB C5                           	JMP	L221
  1060 000009E5                                 	GLOBAL	_putblock8_8
  1061 000009E5                                 _putblock8_8:
  1062 000009E5 55                              	PUSH	EBP
  1063 000009E6 89 E5                           	MOV	EBP,ESP
  1064 000009E8 57                              	PUSH	EDI
  1065 000009E9 56                              	PUSH	ESI
  1066 000009EA 31 F6                           	XOR	ESI,ESI
  1067 000009EC 53                              	PUSH	EBX
  1068 000009ED 83 EC 0C                        	SUB	ESP,12
  1069 000009F0 3B 75 14                        	CMP	ESI,DWORD [20+EBP]
  1070 000009F3 7D 3E                           	JGE	L245
  1071 000009F5 31 FF                           	XOR	EDI,EDI
  1072 000009F7                                 L243:
  1073 000009F7 31 DB                           	XOR	EBX,EBX
  1074 000009F9 3B 5D 10                        	CMP	EBX,DWORD [16+EBP]
  1075 000009FC 7D 2C                           	JGE	L247
  1076 000009FE 8B 45 20                        	MOV	EAX,DWORD [32+EBP]
  1077 00000A01 01 F8                           	ADD	EAX,EDI
  1078 00000A03 89 45 EC                        	MOV	DWORD [-20+EBP],EAX
  1079 00000A06                                 L242:
  1080 00000A06 8B 45 1C                        	MOV	EAX,DWORD [28+EBP]
  1081 00000A09 8B 55 18                        	MOV	EDX,DWORD [24+EBP]
  1082 00000A0C 01 F0                           	ADD	EAX,ESI
  1083 00000A0E 01 DA                           	ADD	EDX,EBX
  1084 00000A10 0F AF 45 0C                     	IMUL	EAX,DWORD [12+EBP]
  1085 00000A14 01 D0                           	ADD	EAX,EDX
  1086 00000A16 8B 4D 08                        	MOV	ECX,DWORD [8+EBP]
  1087 00000A19 8B 55 EC                        	MOV	EDX,DWORD [-20+EBP]
  1088 00000A1C 43                              	INC	EBX
  1089 00000A1D 8A 12                           	MOV	DL,BYTE [EDX]
  1090 00000A1F 88 14 08                        	MOV	BYTE [EAX+ECX*1],DL
  1091 00000A22 FF 45 EC                        	INC	DWORD [-20+EBP]
  1092 00000A25 3B 5D 10                        	CMP	EBX,DWORD [16+EBP]
  1093 00000A28 7C DC                           	JL	L242
  1094 00000A2A                                 L247:
  1095 00000A2A 46                              	INC	ESI
  1096 00000A2B 03 7D 24                        	ADD	EDI,DWORD [36+EBP]
  1097 00000A2E 3B 75 14                        	CMP	ESI,DWORD [20+EBP]
  1098 00000A31 7C C4                           	JL	L243
  1099 00000A33                                 L245:
  1100 00000A33 83 C4 0C                        	ADD	ESP,12
  1101 00000A36 5B                              	POP	EBX
  1102 00000A37 5E                              	POP	ESI
  1103 00000A38 5F                              	POP	EDI
  1104 00000A39 5D                              	POP	EBP
  1105 00000A3A C3                              	RET
  1106                                          [SECTION .data]
  1107 00000130                                 LC0:
  1108 00000130 64 65 73 6B 74 6F 70 31 2E 6A   	DB	"desktop1.jpg",0x00
       0000013A 70 67 00 
  1109                                          [SECTION .text]
  1110 00000A3B                                 	GLOBAL	_read_picture
  1111 00000A3B                                 _read_picture:
  1112 00000A3B 55                              	PUSH	EBP
  1113 00000A3C 89 E5                           	MOV	EBP,ESP
  1114 00000A3E 57                              	PUSH	EDI
  1115 00000A3F 56                              	PUSH	ESI
  1116 00000A40 53                              	PUSH	EBX
  1117 00000A41 83 EC 38                        	SUB	ESP,56
  1118 00000A44 68 000000E0                     	PUSH	224
  1119 00000A49 68 00102600                     	PUSH	1058304
  1120 00000A4E 68 [00000130]                   	PUSH	LC0
  1121 00000A53 E8 [00000000]                   	CALL	_file_search
  1122 00000A58 83 C4 0C                        	ADD	ESP,12
  1123 00000A5B 89 C3                           	MOV	EBX,EAX
  1124 00000A5D 83 C8 FF                        	OR	EAX,-1
  1125 00000A60 85 DB                           	TEST	EBX,EBX
  1126 00000A62 0F 84 000000EF                  	JE	L248
  1127 00000A68 8B 43 1C                        	MOV	EAX,DWORD [28+EBX]
  1128 00000A6B 31 FF                           	XOR	EDI,EDI
  1129 00000A6D 50                              	PUSH	EAX
  1130 00000A6E 89 45 E0                        	MOV	DWORD [-32+EBP],EAX
  1131 00000A71 68 003C0000                     	PUSH	3932160
  1132 00000A76 E8 [00000000]                   	CALL	_memman_alloc_4k
  1133 00000A7B 8D 45 E0                        	LEA	EAX,DWORD [-32+EBP]
  1134 00000A7E FF 75 08                        	PUSH	DWORD [8+EBP]
  1135 00000A81 50                              	PUSH	EAX
  1136 00000A82 0F B7 43 1A                     	MOVZX	EAX,WORD [26+EBX]
  1137 00000A86 50                              	PUSH	EAX
  1138 00000A87 E8 [00000000]                   	CALL	_file_loadfile2
  1139 00000A8C 68 00010000                     	PUSH	65536
  1140 00000A91 68 003C0000                     	PUSH	3932160
  1141 00000A96 89 45 DC                        	MOV	DWORD [-36+EBP],EAX
  1142 00000A99 E8 [00000000]                   	CALL	_memman_alloc_4k
  1143 00000A9E FF 75 DC                        	PUSH	DWORD [-36+EBP]
  1144 00000AA1 FF 75 E0                        	PUSH	DWORD [-32+EBP]
  1145 00000AA4 89 45 D4                        	MOV	DWORD [-44+EBP],EAX
  1146 00000AA7 8D 45 E4                        	LEA	EAX,DWORD [-28+EBP]
  1147 00000AAA 50                              	PUSH	EAX
  1148 00000AAB FF 75 D4                        	PUSH	DWORD [-44+EBP]
  1149 00000AAE E8 [00000000]                   	CALL	_info_JPEG
  1150 00000AB3 8B 45 F0                        	MOV	EAX,DWORD [-16+EBP]
  1151 00000AB6 0F AF 45 EC                     	IMUL	EAX,DWORD [-20+EBP]
  1152 00000ABA C1 E0 02                        	SAL	EAX,2
  1153 00000ABD 83 C4 2C                        	ADD	ESP,44
  1154 00000AC0 50                              	PUSH	EAX
  1155 00000AC1 68 003C0000                     	PUSH	3932160
  1156 00000AC6 E8 [00000000]                   	CALL	_memman_alloc_4k
  1157 00000ACB 6A 00                           	PUSH	0
  1158 00000ACD 50                              	PUSH	EAX
  1159 00000ACE 89 45 D8                        	MOV	DWORD [-40+EBP],EAX
  1160 00000AD1 6A 04                           	PUSH	4
  1161 00000AD3 FF 75 DC                        	PUSH	DWORD [-36+EBP]
  1162 00000AD6 FF 75 E0                        	PUSH	DWORD [-32+EBP]
  1163 00000AD9 FF 75 D4                        	PUSH	DWORD [-44+EBP]
  1164 00000ADC E8 [00000000]                   	CALL	_decode0_JPEG
  1165 00000AE1 83 C4 20                        	ADD	ESP,32
  1166 00000AE4 8B 45 10                        	MOV	EAX,DWORD [16+EBP]
  1167 00000AE7 B9 00000002                     	MOV	ECX,2
  1168 00000AEC 2B 45 EC                        	SUB	EAX,DWORD [-20+EBP]
  1169 00000AEF 99                              	CDQ
  1170 00000AF0 89 45 D0                        	MOV	DWORD [-48+EBP],EAX
  1171 00000AF3 F7 F9                           	IDIV	ECX
  1172 00000AF5 89 45 CC                        	MOV	DWORD [-52+EBP],EAX
  1173 00000AF8 8B 45 F0                        	MOV	EAX,DWORD [-16+EBP]
  1174 00000AFB 29 45 14                        	SUB	DWORD [20+EBP],EAX
  1175 00000AFE 8B 45 14                        	MOV	EAX,DWORD [20+EBP]
  1176 00000B01 99                              	CDQ
  1177 00000B02 F7 F9                           	IDIV	ECX
  1178 00000B04 3B 7D F0                        	CMP	EDI,DWORD [-16+EBP]
  1179 00000B07 89 45 C4                        	MOV	DWORD [-60+EBP],EAX
  1180 00000B0A 7D 0F                           	JGE	L261
  1181 00000B0C                                 L259:
  1182 00000B0C 31 F6                           	XOR	ESI,ESI
  1183 00000B0E 8B 45 EC                        	MOV	EAX,DWORD [-20+EBP]
  1184 00000B11 39 C6                           	CMP	ESI,EAX
  1185 00000B13 7C 4A                           	JL	L258
  1186 00000B15                                 L263:
  1187 00000B15 47                              	INC	EDI
  1188 00000B16 3B 7D F0                        	CMP	EDI,DWORD [-16+EBP]
  1189 00000B19 7C F1                           	JL	L259
  1190 00000B1B                                 L261:
  1191 00000B1B FF 75 E0                        	PUSH	DWORD [-32+EBP]
  1192 00000B1E FF 75 DC                        	PUSH	DWORD [-36+EBP]
  1193 00000B21 68 003C0000                     	PUSH	3932160
  1194 00000B26 E8 [00000000]                   	CALL	_memman_free_4k
  1195 00000B2B 8B 45 F0                        	MOV	EAX,DWORD [-16+EBP]
  1196 00000B2E 0F AF 45 EC                     	IMUL	EAX,DWORD [-20+EBP]
  1197 00000B32 C1 E0 02                        	SAL	EAX,2
  1198 00000B35 50                              	PUSH	EAX
  1199 00000B36 FF 75 D8                        	PUSH	DWORD [-40+EBP]
  1200 00000B39 68 003C0000                     	PUSH	3932160
  1201 00000B3E E8 [00000000]                   	CALL	_memman_free_4k
  1202 00000B43 68 00010000                     	PUSH	65536
  1203 00000B48 FF 75 D4                        	PUSH	DWORD [-44+EBP]
  1204 00000B4B 68 003C0000                     	PUSH	3932160
  1205 00000B50 E8 [00000000]                   	CALL	_memman_free_4k
  1206 00000B55 31 C0                           	XOR	EAX,EAX
  1207 00000B57                                 L248:
  1208 00000B57 8D 65 F4                        	LEA	ESP,DWORD [-12+EBP]
  1209 00000B5A 5B                              	POP	EBX
  1210 00000B5B 5E                              	POP	ESI
  1211 00000B5C 5F                              	POP	EDI
  1212 00000B5D 5D                              	POP	EBP
  1213 00000B5E C3                              	RET
  1214 00000B5F                                 L258:
  1215 00000B5F 0F AF C7                        	IMUL	EAX,EDI
  1216 00000B62 8B 5D C4                        	MOV	EBX,DWORD [-60+EBP]
  1217 00000B65 01 F0                           	ADD	EAX,ESI
  1218 00000B67 01 FB                           	ADD	EBX,EDI
  1219 00000B69 89 45 BC                        	MOV	DWORD [-68+EBP],EAX
  1220 00000B6C 0F AF 5D 10                     	IMUL	EBX,DWORD [16+EBP]
  1221 00000B70 8B 45 CC                        	MOV	EAX,DWORD [-52+EBP]
  1222 00000B73 8B 55 BC                        	MOV	EDX,DWORD [-68+EBP]
  1223 00000B76 01 F0                           	ADD	EAX,ESI
  1224 00000B78 8B 4D D8                        	MOV	ECX,DWORD [-40+EBP]
  1225 00000B7B 01 C3                           	ADD	EBX,EAX
  1226 00000B7D 0F BE 05 00000FF2               	MOVSX	EAX,BYTE [4082]
  1227 00000B84 50                              	PUSH	EAX
  1228 00000B85 57                              	PUSH	EDI
  1229 00000B86 56                              	PUSH	ESI
  1230 00000B87 46                              	INC	ESI
  1231 00000B88 0F B6 04 91                     	MOVZX	EAX,BYTE [ECX+EDX*4]
  1232 00000B8C 50                              	PUSH	EAX
  1233 00000B8D 0F B6 44 91 01                  	MOVZX	EAX,BYTE [1+ECX+EDX*4]
  1234 00000B92 50                              	PUSH	EAX
  1235 00000B93 0F B6 44 91 02                  	MOVZX	EAX,BYTE [2+ECX+EDX*4]
  1236 00000B98 50                              	PUSH	EAX
  1237 00000B99 E8 00000015                     	CALL	_rgb2pal
  1238 00000B9E 83 C4 18                        	ADD	ESP,24
  1239 00000BA1 8B 55 0C                        	MOV	EDX,DWORD [12+EBP]
  1240 00000BA4 88 04 13                        	MOV	BYTE [EBX+EDX*1],AL
  1241 00000BA7 8B 45 EC                        	MOV	EAX,DWORD [-20+EBP]
  1242 00000BAA 39 C6                           	CMP	ESI,EAX
  1243 00000BAC 7C B1                           	JL	L258
  1244 00000BAE E9 FFFFFF62                     	JMP	L263
  1245                                          [SECTION .data]
  1246 0000013D 00 00 00                        	ALIGNB	4
  1247 00000140                                 _table.2:
  1248 00000140 00000003                        	DD	3
  1249 00000144 00000001                        	DD	1
  1250 00000148 00000000                        	DD	0
  1251 0000014C 00000002                        	DD	2
  1252                                          [SECTION .text]
  1253 00000BB3                                 	GLOBAL	_rgb2pal
  1254 00000BB3                                 _rgb2pal:
  1255 00000BB3 55                              	PUSH	EBP
  1256 00000BB4 89 E5                           	MOV	EBP,ESP
  1257 00000BB6 57                              	PUSH	EDI
  1258 00000BB7 56                              	PUSH	ESI
  1259 00000BB8 53                              	PUSH	EBX
  1260 00000BB9 83 EC 14                        	SUB	ESP,20
  1261 00000BBC 8B 4D 08                        	MOV	ECX,DWORD [8+EBP]
  1262 00000BBF 8B 7D 0C                        	MOV	EDI,DWORD [12+EBP]
  1263 00000BC2 8B 5D 10                        	MOV	EBX,DWORD [16+EBP]
  1264 00000BC5 8B 55 14                        	MOV	EDX,DWORD [20+EBP]
  1265 00000BC8 8B 45 18                        	MOV	EAX,DWORD [24+EBP]
  1266 00000BCB 83 7D 1C 08                     	CMP	DWORD [28+EBP],8
  1267 00000BCF 74 27                           	JE	L267
  1268 00000BD1 C1 E1 08                        	SAL	ECX,8
  1269 00000BD4 8D 04 FD 00000000               	LEA	EAX,DWORD [0+EDI*8]
  1270 00000BDB 66 25 07E0                      	AND	AX,2016
  1271 00000BDF 89 CA                           	MOV	EDX,ECX
  1272 00000BE1 66 81 E2 F800                   	AND	DX,-2048
  1273 00000BE6 C1 FB 03                        	SAR	EBX,3
  1274 00000BE9 09 C2                           	OR	EDX,EAX
  1275 00000BEB 09 DA                           	OR	EDX,EBX
  1276 00000BED 0F B7 C2                        	MOVZX	EAX,DX
  1277 00000BF0                                 L264:
  1278 00000BF0 83 C4 14                        	ADD	ESP,20
  1279 00000BF3 5B                              	POP	EBX
  1280 00000BF4 5E                              	POP	ESI
  1281 00000BF5 5F                              	POP	EDI
  1282 00000BF6 5D                              	POP	EBP
  1283 00000BF7 C3                              	RET
  1284 00000BF8                                 L267:
  1285 00000BF8 6B C9 15                        	IMUL	ECX,ECX,21
  1286 00000BFB 83 E2 01                        	AND	EDX,1
  1287 00000BFE 83 E0 01                        	AND	EAX,1
  1288 00000C01 BE 00000100                     	MOV	ESI,256
  1289 00000C06 8D 04 42                        	LEA	EAX,DWORD [EDX+EAX*2]
  1290 00000C09 6B FF 15                        	IMUL	EDI,EDI,21
  1291 00000C0C 8B 04 85 [00000140]             	MOV	EAX,DWORD [_table.2+EAX*4]
  1292 00000C13 89 45 E0                        	MOV	DWORD [-32+EBP],EAX
  1293 00000C16 89 C8                           	MOV	EAX,ECX
  1294 00000C18 99                              	CDQ
  1295 00000C19 F7 FE                           	IDIV	ESI
  1296 00000C1B 89 C1                           	MOV	ECX,EAX
  1297 00000C1D 89 F8                           	MOV	EAX,EDI
  1298 00000C1F 99                              	CDQ
  1299 00000C20 F7 FE                           	IDIV	ESI
  1300 00000C22 6B DB 15                        	IMUL	EBX,EBX,21
  1301 00000C25 89 C7                           	MOV	EDI,EAX
  1302 00000C27 03 4D E0                        	ADD	ECX,DWORD [-32+EBP]
  1303 00000C2A 89 D8                           	MOV	EAX,EBX
  1304 00000C2C 99                              	CDQ
  1305 00000C2D F7 FE                           	IDIV	ESI
  1306 00000C2F 89 C3                           	MOV	EBX,EAX
  1307 00000C31 BE 00000004                     	MOV	ESI,4
  1308 00000C36 89 C8                           	MOV	EAX,ECX
  1309 00000C38 03 7D E0                        	ADD	EDI,DWORD [-32+EBP]
  1310 00000C3B 03 5D E0                        	ADD	EBX,DWORD [-32+EBP]
  1311 00000C3E 99                              	CDQ
  1312 00000C3F F7 FE                           	IDIV	ESI
  1313 00000C41 89 C1                           	MOV	ECX,EAX
  1314 00000C43 89 F8                           	MOV	EAX,EDI
  1315 00000C45 99                              	CDQ
  1316 00000C46 F7 FE                           	IDIV	ESI
  1317 00000C48 89 C7                           	MOV	EDI,EAX
  1318 00000C4A 89 D8                           	MOV	EAX,EBX
  1319 00000C4C 99                              	CDQ
  1320 00000C4D F7 FE                           	IDIV	ESI
  1321 00000C4F 89 C3                           	MOV	EBX,EAX
  1322 00000C51 6B C7 06                        	IMUL	EAX,EDI,6
  1323 00000C54 6B D3 24                        	IMUL	EDX,EBX,36
  1324 00000C57 8D 04 08                        	LEA	EAX,DWORD [EAX+ECX*1]
  1325 00000C5A 8D 44 02 10                     	LEA	EAX,DWORD [16+EDX+EAX*1]
  1326 00000C5E 0F B7 C0                        	MOVZX	EAX,AX
  1327 00000C61 EB 8D                           	JMP	L264
