     1 00000000                                 [FORMAT "WCOFF"]
     2 00000000                                 [INSTRSET "i486p"]
     3 00000000                                 [OPTIMIZE 1]
     4 00000000                                 [OPTION 1]
     5 00000000                                 [BITS 32]
     6 00000000                                 	EXTERN	_get_year
     7 00000000                                 	EXTERN	_get_mon_hex
     8 00000000                                 	EXTERN	_get_day_of_month
     9 00000000                                 	EXTERN	_sprintf
    10 00000000                                 	EXTERN	_putfonts8_asc_sht
    11 00000000                                 	EXTERN	_get_sec_hex
    12 00000000                                 	EXTERN	_get_min_hex
    13 00000000                                 	EXTERN	_get_hour_hex
    14 00000000                                 	EXTERN	_cons_putstr0
    15 00000000                                 [FILE "tools.c"]
    16                                          [SECTION .text]
    17 00000000                                 	GLOBAL	_string_len
    18 00000000                                 _string_len:
    19 00000000 55                              	PUSH	EBP
    20 00000001 31 C0                           	XOR	EAX,EAX
    21 00000003 89 E5                           	MOV	EBP,ESP
    22 00000005 8B 55 08                        	MOV	EDX,DWORD [8+EBP]
    23 00000008 80 3A 00                        	CMP	BYTE [EDX],0
    24 0000000B 74 07                           	JE	L7
    25 0000000D                                 L5:
    26 0000000D 40                              	INC	EAX
    27 0000000E 80 3C 10 00                     	CMP	BYTE [EAX+EDX*1],0
    28 00000012 75 F9                           	JNE	L5
    29 00000014                                 L7:
    30 00000014 5D                              	POP	EBP
    31 00000015 C3                              	RET
    32                                          [SECTION .data]
    33 00000000                                 LC0:
    34 00000000 25 30 32 64 2F 25 30 32 64 2F   	DB	"%02d/%02d/%02d %s",0x00
       0000000A 25 30 32 64 20 25 73 00 
    35 00000012                                 LC1:
    36 00000012 25 30 32 64 3A 25 30 32 64 3A   	DB	"%02d:%02d:%02d",0x00
       0000001C 25 30 32 64 00 
    37                                          [SECTION .text]
    38 00000016                                 	GLOBAL	_update_date_time
    39 00000016                                 _update_date_time:
    40 00000016 55                              	PUSH	EBP
    41 00000017 89 E5                           	MOV	EBP,ESP
    42 00000019 57                              	PUSH	EDI
    43 0000001A 56                              	PUSH	ESI
    44 0000001B 53                              	PUSH	EBX
    45 0000001C 83 EC 3C                        	SUB	ESP,60
    46 0000001F 8B 7D 08                        	MOV	EDI,DWORD [8+EBP]
    47 00000022 E8 [00000000]                   	CALL	_get_year
    48 00000027 89 C3                           	MOV	EBX,EAX
    49 00000029 E8 [00000000]                   	CALL	_get_mon_hex
    50 0000002E 89 C6                           	MOV	ESI,EAX
    51 00000030 E8 [00000000]                   	CALL	_get_day_of_month
    52 00000035 89 C2                           	MOV	EDX,EAX
    53 00000037 8D 46 FF                        	LEA	EAX,DWORD [-1+ESI]
    54 0000003A 83 F8 01                        	CMP	EAX,1
    55 0000003D 77 04                           	JA	L9
    56 0000003F 83 C6 0C                        	ADD	ESI,12
    57 00000042 4B                              	DEC	EBX
    58 00000043                                 L9:
    59 00000043 6B C6 03                        	IMUL	EAX,ESI,3
    60 00000046 8D 0C 72                        	LEA	ECX,DWORD [EDX+ESI*2]
    61 00000049 83 C0 03                        	ADD	EAX,3
    62 0000004C BA 00000005                     	MOV	EDX,5
    63 00000051 89 D6                           	MOV	ESI,EDX
    64 00000053 99                              	CDQ
    65 00000054 F7 FE                           	IDIV	ESI
    66 00000056 BA 00000004                     	MOV	EDX,4
    67 0000005B 8D 04 08                        	LEA	EAX,DWORD [EAX+ECX*1]
    68 0000005E 89 D1                           	MOV	ECX,EDX
    69 00000060 01 D8                           	ADD	EAX,EBX
    70 00000062 89 45 BC                        	MOV	DWORD [-68+EBP],EAX
    71 00000065 89 D8                           	MOV	EAX,EBX
    72 00000067 99                              	CDQ
    73 00000068 F7 F9                           	IDIV	ECX
    74 0000006A 8B 4D BC                        	MOV	ECX,DWORD [-68+EBP]
    75 0000006D BA 00000064                     	MOV	EDX,100
    76 00000072 01 C1                           	ADD	ECX,EAX
    77 00000074 89 D6                           	MOV	ESI,EDX
    78 00000076 89 D8                           	MOV	EAX,EBX
    79 00000078 99                              	CDQ
    80 00000079 F7 FE                           	IDIV	ESI
    81 0000007B BA 00000190                     	MOV	EDX,400
    82 00000080 29 C1                           	SUB	ECX,EAX
    83 00000082 89 45 B8                        	MOV	DWORD [-72+EBP],EAX
    84 00000085 89 D6                           	MOV	ESI,EDX
    85 00000087 89 D8                           	MOV	EAX,EBX
    86 00000089 99                              	CDQ
    87 0000008A F7 FE                           	IDIV	ESI
    88 0000008C 01 C1                           	ADD	ECX,EAX
    89 0000008E BA 00000007                     	MOV	EDX,7
    90 00000093 89 C8                           	MOV	EAX,ECX
    91 00000095 89 D3                           	MOV	EBX,EDX
    92 00000097 99                              	CDQ
    93 00000098 F7 FB                           	IDIV	EBX
    94 0000009A 83 FA 06                        	CMP	EDX,6
    95 0000009D 77 12                           	JA	L10
    96 0000009F FF 24 95 [00000024]             	JMP	DWORD [L18+EDX*4]
    97                                          [SECTION .data]
    98 00000021 00 00 00                        	ALIGNB	4
    99 00000024                                 L18:
   100 00000024 [000000A6]                      	DD	L11
   101 00000028 [00000150]                      	DD	L12
   102 0000002C [00000162]                      	DD	L13
   103 00000030 [0000016E]                      	DD	L14
   104 00000034 [00000177]                      	DD	L15
   105 00000038 [00000183]                      	DD	L16
   106 0000003C [0000018F]                      	DD	L17
   107                                          [SECTION .text]
   108 000000A6                                 L11:
   109 000000A6 C7 45 C4 2E6E6F4D               	MOV	DWORD [-60+EBP],778989389
   110 000000AD                                 L20:
   111 000000AD C6 45 C8 00                     	MOV	BYTE [-56+EBP],0
   112 000000B1                                 L10:
   113 000000B1 8D 45 C4                        	LEA	EAX,DWORD [-60+EBP]
   114 000000B4 8D 5D D4                        	LEA	EBX,DWORD [-44+EBP]
   115 000000B7 50                              	PUSH	EAX
   116 000000B8 E8 [00000000]                   	CALL	_get_day_of_month
   117 000000BD 50                              	PUSH	EAX
   118 000000BE E8 [00000000]                   	CALL	_get_mon_hex
   119 000000C3 50                              	PUSH	EAX
   120 000000C4 E8 [00000000]                   	CALL	_get_year
   121 000000C9 BA 00000064                     	MOV	EDX,100
   122 000000CE 89 D6                           	MOV	ESI,EDX
   123 000000D0 31 D2                           	XOR	EDX,EDX
   124 000000D2 F7 F6                           	DIV	ESI
   125 000000D4 52                              	PUSH	EDX
   126 000000D5 68 [00000000]                   	PUSH	LC0
   127 000000DA 53                              	PUSH	EBX
   128 000000DB E8 [00000000]                   	CALL	_sprintf
   129 000000E0 6A 0F                           	PUSH	15
   130 000000E2 53                              	PUSH	EBX
   131 000000E3 6A 08                           	PUSH	8
   132 000000E5 6A 00                           	PUSH	0
   133 000000E7 0F BF 05 00000FF6               	MOVSX	EAX,WORD [4086]
   134 000000EE 83 E8 14                        	SUB	EAX,20
   135 000000F1 50                              	PUSH	EAX
   136 000000F2 0F BF 05 00000FF4               	MOVSX	EAX,WORD [4084]
   137 000000F9 2D 000000AE                     	SUB	EAX,174
   138 000000FE 50                              	PUSH	EAX
   139 000000FF 57                              	PUSH	EDI
   140 00000100 E8 [00000000]                   	CALL	_putfonts8_asc_sht
   141 00000105 83 C4 34                        	ADD	ESP,52
   142 00000108 E8 [00000000]                   	CALL	_get_sec_hex
   143 0000010D 50                              	PUSH	EAX
   144 0000010E E8 [00000000]                   	CALL	_get_min_hex
   145 00000113 50                              	PUSH	EAX
   146 00000114 E8 [00000000]                   	CALL	_get_hour_hex
   147 00000119 50                              	PUSH	EAX
   148 0000011A 68 [00000012]                   	PUSH	LC1
   149 0000011F 53                              	PUSH	EBX
   150 00000120 E8 [00000000]                   	CALL	_sprintf
   151 00000125 6A 08                           	PUSH	8
   152 00000127 53                              	PUSH	EBX
   153 00000128 6A 08                           	PUSH	8
   154 0000012A 6A 00                           	PUSH	0
   155 0000012C 0F BF 05 00000FF6               	MOVSX	EAX,WORD [4086]
   156 00000133 83 E8 14                        	SUB	EAX,20
   157 00000136 50                              	PUSH	EAX
   158 00000137 0F BF 05 00000FF4               	MOVSX	EAX,WORD [4084]
   159 0000013E 83 E8 45                        	SUB	EAX,69
   160 00000141 50                              	PUSH	EAX
   161 00000142 57                              	PUSH	EDI
   162 00000143 E8 [00000000]                   	CALL	_putfonts8_asc_sht
   163 00000148 8D 65 F4                        	LEA	ESP,DWORD [-12+EBP]
   164 0000014B 5B                              	POP	EBX
   165 0000014C 5E                              	POP	ESI
   166 0000014D 5F                              	POP	EDI
   167 0000014E 5D                              	POP	EBP
   168 0000014F C3                              	RET
   169 00000150                                 L12:
   170 00000150 C7 45 C4 73657554               	MOV	DWORD [-60+EBP],1936029012
   171 00000157                                 L21:
   172 00000157 66 C7 45 C8 002E                	MOV	WORD [-56+EBP],46
   173 0000015D E9 FFFFFF4F                     	JMP	L10
   174 00000162                                 L13:
   175 00000162 C7 45 C4 2E646557               	MOV	DWORD [-60+EBP],778331479
   176 00000169 E9 FFFFFF3F                     	JMP	L20
   177 0000016E                                 L14:
   178 0000016E C7 45 C4 72756854               	MOV	DWORD [-60+EBP],1920297044
   179 00000175 EB E0                           	JMP	L21
   180 00000177                                 L15:
   181 00000177 C7 45 C4 2E697246               	MOV	DWORD [-60+EBP],778662470
   182 0000017E E9 FFFFFF2A                     	JMP	L20
   183 00000183                                 L16:
   184 00000183 C7 45 C4 2E746153               	MOV	DWORD [-60+EBP],779379027
   185 0000018A E9 FFFFFF1E                     	JMP	L20
   186 0000018F                                 L17:
   187 0000018F C7 45 C4 2E6E7553               	MOV	DWORD [-60+EBP],778990931
   188 00000196 E9 FFFFFF12                     	JMP	L20
   189                                          [SECTION .data]
   190 00000040                                 LC2:
   191 00000040 0A 20 5F 5F 5F 5F 5F 5F 5F 20   	DB	0x0A," _______     ___     _______   ____     _",0x0A,"|____   |   /   |   / ______| |    ",0x5C,"   | |",0x0A,"     / /   /_/| |  | |   ___  | |",0x5C,"  ",0x5C,"  | |",0x0A,"    / /       | |  | |  |_    | | ",0x5C,"  ",0x5C," | |",0x0A,"   / /        | |  | |____| | | |  ",0x5C,"  ",0x5C,"| |",0x0A,"  /_/         |_|  |________| |_|   ",0x5C,"____|    Deep Space",0x0A,0x0A,0x00
       0000004A 20 20 20 20 5F 5F 5F 20 20 20 
       00000054 20 20 5F 5F 5F 5F 5F 5F 5F 20 
       0000005E 20 20 5F 5F 5F 5F 20 20 20 20 
       00000068 20 5F 0A 7C 5F 5F 5F 5F 20 20 
       00000072 20 7C 20 20 20 2F 20 20 20 7C 
       0000007C 20 20 20 2F 20 5F 5F 5F 5F 5F 
       00000086 5F 7C 20 7C 20 20 20 20 5C 20 
       00000090 20 20 7C 20 7C 0A 20 20 20 20 
       0000009A 20 2F 20 2F 20 20 20 2F 5F 2F 
       000000A4 7C 20 7C 20 20 7C 20 7C 20 20 
       000000AE 20 5F 5F 5F 20 20 7C 20 7C 5C 
       000000B8 20 20 5C 20 20 7C 20 7C 0A 20 
       000000C2 20 20 20 2F 20 2F 20 20 20 20 
       000000CC 20 20 20 7C 20 7C 20 20 7C 20 
       000000D6 7C 20 20 7C 5F 20 20 20 20 7C 
       000000E0 20 7C 20 5C 20 20 5C 20 7C 20 
       000000EA 7C 0A 20 20 20 2F 20 2F 20 20 
       000000F4 20 20 20 20 20 20 7C 20 7C 20 
       000000FE 20 7C 20 7C 5F 5F 5F 5F 7C 20 
       00000108 7C 20 7C 20 7C 20 20 5C 20 20 
       00000112 5C 7C 20 7C 0A 20 20 2F 5F 2F 
       0000011C 20 20 20 20 20 20 20 20 20 7C 
       00000126 5F 7C 20 20 7C 5F 5F 5F 5F 5F 
       00000130 5F 5F 5F 7C 20 7C 5F 7C 20 20 
       0000013A 20 5C 5F 5F 5F 5F 7C 20 20 20 
       00000144 20 44 65 65 70 20 53 70 61 63 
       0000014E 65 0A 0A 00 
   192                                          [SECTION .text]
   193 0000019B                                 	GLOBAL	_put_71gn
   194 0000019B                                 _put_71gn:
   195 0000019B 55                              	PUSH	EBP
   196 0000019C 89 E5                           	MOV	EBP,ESP
   197 0000019E 68 [00000040]                   	PUSH	LC2
   198 000001A3 FF 75 08                        	PUSH	DWORD [8+EBP]
   199 000001A6 E8 [00000000]                   	CALL	_cons_putstr0
   200 000001AB C9                              	LEAVE
   201 000001AC C3                              	RET
   202                                          [SECTION .data]
   203 00000152                                 LC3:
   204 00000152 0A 20 5F 20 20 20 20 5F 20 20   	DB	0x0A," _    _   _____   _   _",0x0A,"| |  | | |___  | | | | |",0x0A,"| |  | |  ___| | | |_| |_",0x0A,"| |  | | |  ___| |___   _| ",0x0A,"| |/",0x5C,"| | | |___      | |",0x0A," ",0x5C,"_/",0x5C,"_/  |_____|     |_|Studio",0x0A,0x0A,0x00
       0000015C 20 5F 5F 5F 5F 5F 20 20 20 5F 
       00000166 20 20 20 5F 0A 7C 20 7C 20 20 
       00000170 7C 20 7C 20 7C 5F 5F 5F 20 20 
       0000017A 7C 20 7C 20 7C 20 7C 20 7C 0A 
       00000184 7C 20 7C 20 20 7C 20 7C 20 20 
       0000018E 5F 5F 5F 7C 20 7C 20 7C 20 7C 
       00000198 5F 7C 20 7C 5F 0A 7C 20 7C 20 
       000001A2 20 7C 20 7C 20 7C 20 20 5F 5F 
       000001AC 5F 7C 20 7C 5F 5F 5F 20 20 20 
       000001B6 5F 7C 20 0A 7C 20 7C 2F 5C 7C 
       000001C0 20 7C 20 7C 20 7C 5F 5F 5F 20 
       000001CA 20 20 20 20 20 7C 20 7C 0A 20 
       000001D4 5C 5F 2F 5C 5F 2F 20 20 7C 5F 
       000001DE 5F 5F 5F 5F 7C 20 20 20 20 20 
       000001E8 7C 5F 7C 53 74 75 64 69 6F 0A 
       000001F2 0A 00 
   205                                          [SECTION .text]
   206 000001AD                                 	GLOBAL	_put_w24
   207 000001AD                                 _put_w24:
   208 000001AD 55                              	PUSH	EBP
   209 000001AE 89 E5                           	MOV	EBP,ESP
   210 000001B0 68 [00000152]                   	PUSH	LC3
   211 000001B5 FF 75 08                        	PUSH	DWORD [8+EBP]
   212 000001B8 E8 [00000000]                   	CALL	_cons_putstr0
   213 000001BD C9                              	LEAVE
   214 000001BE C3                              	RET
